2026-01-29 00:06:29,693 DEBUG [c.c.c.ClusterManagerImpl] (Cluster-Worker-2:[ctx-290a6dce]) (logid:e270d188) Cluster PDU 200523545828329 -> 200523545828329 completed. time: 98ms. agent: 0, pdu seq: 1, pdu ack seq: 0, json: {"managementServerHostId":1,"managementServerHostUuid":"cde6000a-3f77-475b-9489-fabe7d8b95ba","managementServerRunId":1769645167553,"collectionTime":"2026-01-29T00:06:29+0000","sessions":0,"cpuUtilization":0.0,"totalJvmMemoryBytes":584581120,"freeJvmMemoryBytes":293336240,"maxJvmMemoryBytes":1908932607,"processJvmMemoryBytes":0,"jvmUptime":83010,"jvmStartTime":1769645106534,"availableProcessors":8,"loadAverage":4.08203125,"totalInit":527761408,"totalUsed":465053664,"totalCommitted":761987072,"pid":93,"jvmName":"93@acs.local","jvmVendor":"Ubuntu","jvmVersion":"17.0.17+10-Ubuntu-122.04","osDistribution":"Ubuntu 22.04.5 LTS","agentCount":0,"heapMemoryUsed":293769848,"heapMemoryTotal":1908932608,"threadsBlockedCount":0,"threadsDaemonCount":16,"threadsRunnableCount":11,"threadsTerminatedCount":0,"threadsTotalCount":177,"threadsWaitingCount":88,"systemMemoryTotal":33258381312,"systemMemoryFree":2298351616,"systemMemoryUsed":845228,"systemMemoryVirtualSize":8343175168,"logInfo":"","systemTotalCpuCycles":24800.010000000002,"systemLoadAverages":[4.08,2.94,2.36],"systemCyclesUsage":[265844,49347,3276703],"dbLocal":true,"usageLocal":false,"systemBootTime":"2026-01-28T22:50:24+0000","kernelVersion":"6.17.9-76061709-generic"}
2026-01-29 00:06:29,693 DEBUG [c.c.c.ClusterManagerImpl] (Cluster-Worker-2:[ctx-290a6dce]) (logid:e270d188) Cluster PDU 200523545828329 -> 200523545828329. agent: 0, pdu seq: 1, pdu ack seq: 0, json: {"managementServerHostId":1,"managementServerHostUuid":"cde6000a-3f77-475b-9489-fabe7d8b95ba","managementServerRunId":1769645167553,"collectionTime":"2026-01-29T00:06:29+0000","sessions":0,"cpuUtilization":0.0,"totalJvmMemoryBytes":584581120,"freeJvmMemoryBytes":293336240,"maxJvmMemoryBytes":1908932607,"processJvmMemoryBytes":0,"jvmUptime":83010,"jvmStartTime":1769645106534,"availableProcessors":8,"loadAverage":4.08203125,"totalInit":527761408,"totalUsed":465053664,"totalCommitted":761987072,"pid":93,"jvmName":"93@acs.local","jvmVendor":"Ubuntu","jvmVersion":"17.0.17+10-Ubuntu-122.04","osDistribution":"Ubuntu 22.04.5 LTS","agentCount":0,"heapMemoryUsed":293769848,"heapMemoryTotal":1908932608,"threadsBlockedCount":0,"threadsDaemonCount":16,"threadsRunnableCount":11,"threadsTerminatedCount":0,"threadsTotalCount":177,"threadsWaitingCount":88,"systemMemoryTotal":33258381312,"systemMemoryFree":2298351616,"systemMemoryUsed":845228,"systemMemoryVirtualSize":8343175168,"logInfo":"","systemTotalCpuCycles":24800.010000000002,"systemLoadAverages":[4.08,2.94,2.36],"systemCyclesUsage":[265844,49347,3276703],"dbLocal":true,"usageLocal":false,"systemBootTime":"2026-01-28T22:50:24+0000","kernelVersion":"6.17.9-76061709-generic"}
2026-01-29 00:06:29,693 DEBUG [c.c.c.ClusterServiceServletImpl] (Cluster-Worker-2:[ctx-290a6dce]) (logid:e270d188) Executing ClusterServicePdu with service URL: https://127.0.0.1:9090/clusterservice
2026-01-29 00:06:29,700 ERROR [c.c.c.ClusterServiceServletImpl] (Cluster-Worker-2:[ctx-290a6dce]) (logid:e270d188) Exception from : https://127.0.0.1:9090/clusterservice, method : null, exception : javax.net.ssl.SSLPeerUnverifiedException: Certificate for <127.0.0.1> doesn't match any of the subject alternative names: [172.17.0.2, acs.local, cloudstack.internal]
        at org.apache.http.conn.ssl.SSLConnectionSocketFactory.verifyHostname(SSLConnectionSocketFactory.java:507)
        at org.apache.http.conn.ssl.SSLConnectionSocketFactory.createLayeredSocket(SSLConnectionSocketFactory.java:437)
        at org.apache.http.conn.ssl.SSLConnectionSocketFactory.connectSocket(SSLConnectionSocketFactory.java:384)
        at org.apache.http.impl.conn.DefaultHttpClientConnectionOperator.connect(DefaultHttpClientConnectionOperator.java:142)
        at org.apache.http.impl.conn.PoolingHttpClientConnectionManager.connect(PoolingHttpClientConnectionManager.java:376)
        at org.apache.http.impl.execchain.MainClientExec.establishRoute(MainClientExec.java:393)
        at org.apache.http.impl.execchain.MainClientExec.execute(MainClientExec.java:236)
        at org.apache.http.impl.execchain.ProtocolExec.execute(ProtocolExec.java:186)
        at org.apache.http.impl.execchain.RetryExec.execute(RetryExec.java:89)
        at org.apache.http.impl.execchain.RedirectExec.execute(RedirectExec.java:110)
        at org.apache.http.impl.client.InternalHttpClient.doExecute(InternalHttpClient.java:185)
        at org.apache.http.impl.client.CloseableHttpClient.execute(CloseableHttpClient.java:83)
        at org.apache.http.impl.client.CloseableHttpClient.execute(CloseableHttpClient.java:108)
        at com.cloud.cluster.ClusterServiceServletImpl.executePostMethod(ClusterServiceServletImpl.java:143)
        at com.cloud.cluster.ClusterServiceServletImpl.execute(ClusterServiceServletImpl.java:106)
        at com.cloud.cluster.ClusterManagerImpl.onSendingClusterPdu(ClusterManagerImpl.java:275)
        at com.cloud.cluster.ClusterManagerImpl$1.runInContext(ClusterManagerImpl.java:235)
        at org.apache.cloudstack.managed.context.ManagedContextRunnable$1.run(ManagedContextRunnable.java:49)
        at org.apache.cloudstack.managed.context.impl.DefaultManagedContext$1.call(DefaultManagedContext.java:56)
        at org.apache.cloudstack.managed.context.impl.DefaultManagedContext.callWithContext(DefaultManagedContext.java:103)
        at org.apache.cloudstack.managed.context.impl.DefaultManagedContext.runWithContext(DefaultManagedContext.java:53)
        at org.apache.cloudstack.managed.context.ManagedContextRunnable.run(ManagedContextRunnable.java:46)
        at java.base/java.util.concurrent.ThreadPoolExecutor.runWorker(ThreadPoolExecutor.java:1136)
        at java.base/java.util.concurrent.ThreadPoolExecutor$Worker.run(ThreadPoolExecutor.java:635)
        at java.base/java.lang.Thread.run(Thread.java:840)

2026-01-29 00:06:29,700 DEBUG [c.c.c.ClusterManagerImpl] (Cluster-Worker-2:[ctx-290a6dce]) (logid:e270d188) Cluster PDU 200523545828329 -> 200523545828329 completed. time: 6ms. agent: 0, pdu seq: 1, pdu ack seq: 0, json: {"managementServerHostId":1,"managementServerHostUuid":"cde6000a-3f77-475b-9489-fabe7d8b95ba","managementServerRunId":1769645167553,"collectionTime":"2026-01-29T00:06:29+0000","sessions":0,"cpuUtilization":0.0,"totalJvmMemoryBytes":584581120,"freeJvmMemoryBytes":293336240,"maxJvmMemoryBytes":1908932607,"processJvmMemoryBytes":0,"jvmUptime":83010,"jvmStartTime":1769645106534,"availableProcessors":8,"loadAverage":4.08203125,"totalInit":527761408,"totalUsed":465053664,"totalCommitted":761987072,"pid":93,"jvmName":"93@acs.local","jvmVendor":"Ubuntu","jvmVersion":"17.0.17+10-Ubuntu-122.04","osDistribution":"Ubuntu 22.04.5 LTS","agentCount":0,"heapMemoryUsed":293769848,"heapMemoryTotal":1908932608,"threadsBlockedCount":0,"threadsDaemonCount":16,"threadsRunnableCount":11,"threadsTerminatedCount":0,"threadsTotalCount":177,"threadsWaitingCount":88,"systemMemoryTotal":33258381312,"systemMemoryFree":2298351616,"systemMemoryUsed":845228,"systemMemoryVirtualSize":8343175168,"logInfo":"","systemTotalCpuCycles":24800.010000000002,"systemLoadAverages":[4.08,2.94,2.36],"systemCyclesUsage":[265844,49347,3276703],"dbLocal":true,"usageLocal":false,"systemBootTime":"2026-01-28T22:50:24+0000","kernelVersion":"6.17.9-76061709-generic"}
2026-01-29 00:06:30,074 INFO  [c.c.c.ClusterManagerImpl] (Cluster-Heartbeat-1:[ctx-2230f209]) (logid:5ac5ebae) We are good, no orphan management server msid in host table is found
2026-01-29 00:06:30,074 INFO  [c.c.c.ClusterManagerImpl] (Cluster-Heartbeat-1:[ctx-2230f209]) (logid:5ac5ebae) No inactive management server node found
2026-01-29 00:06:30,076 DEBUG [c.c.c.ClusterManagerImpl] (Cluster-Heartbeat-1:[ctx-2230f209]) (logid:5ac5ebae) Detected management node joined, ManagementServer {"id":1,"msid":200523545828329,"name":"acs.local","uuid":"cde6000a-3f77-475b-9489-fabe7d8b95ba"}, nodeIP:127.0.0.1
2026-01-29 00:06:30,078 INFO  [c.c.c.ClusterManagerImpl] (Cluster-Heartbeat-1:[ctx-2230f209]) (logid:5ac5ebae) No inactive management server node found
2026-01-29 00:06:30,078 DEBUG [c.c.c.ClusterManagerImpl] (Cluster-Heartbeat-1:[ctx-2230f209]) (logid:5ac5ebae) Peer scan is finished. profiler: Done. Duration: 3ms , profilerQueryActiveList: Done. Duration: 0ms, , profilerSyncClusterInfo: Done. Duration: 0ms, profilerInvalidatedNodeList: Done. Duration: 0ms, profilerRemovedList: Done. Duration: 0ms,, profilerNewList: Done. Duration: 1ms, profilerInactiveList: Done. Duration: 0ms