$ docker compose up --build
[+] Building 0.6s (9/9) FINISHED                                                                                                                                             
 => [internal] load local bake definitions                                                                                                                              0.0s
 => => reading from stdin 574B                                                                                                                                          0.0s
 => [internal] load build definition from Dockerfile.acs                                                                                                                0.0s
 => => transferring dockerfile: 843B                                                                                                                                    0.0s
 => [internal] load metadata for docker.io/library/ubuntu:22.04                                                                                                         0.4s
 => [internal] load .dockerignore                                                                                                                                       0.0s
 => => transferring context: 2B                                                                                                                                         0.0s
 => [1/3] FROM docker.io/library/ubuntu:22.04@sha256:c7eb020043d8fc2ae0793fb35a37bff1cf33f156d4d4b12ccc7f3ef8706c38b1                                                   0.0s
 => => resolve docker.io/library/ubuntu:22.04@sha256:c7eb020043d8fc2ae0793fb35a37bff1cf33f156d4d4b12ccc7f3ef8706c38b1                                                   0.0s
 => CACHED [2/3] RUN apt update && apt install -y     apt-transport-https     ca-certificates     openssh-client     nano     curl     wget     gnupg     lsb-release   0.0s
 => CACHED [3/3] RUN echo "deb http://download.cloudstack.org/ubuntu noble 4.20" | tee /etc/apt/sources.list.d/cloudstack.list &&     wget -O /etc/apt/trusted.gpg.d/c  0.0s
 => exporting to image                                                                                                                                                  0.0s
 => => exporting layers                                                                                                                                                 0.0s
 => => exporting manifest sha256:e995a36e21d32ce8b3e23d91fcb8224582aeb2adc3401a1cbb920b4ea25bf6a9                                                                       0.0s
 => => exporting config sha256:155bac4c562e6652dc5e461becd54f1ce3be63e23764f3a7827cf2f6aa258bc8                                                                         0.0s
 => => exporting attestation manifest sha256:015b4eb364c73bdaed0954d5f0f3cf7fb3e8fd09dbb60bf882d2034153ab1b1b                                                           0.0s
 => => exporting manifest list sha256:e32cb1c2228e77681a5e12e0317278416edb3d21caad36a4f299524b9ac4992f                                                                  0.0s
 => => naming to docker.io/library/acs.local:4.20                                                                                                                       0.0s
 => => unpacking to docker.io/library/acs.local:4.20                                                                                                                    0.0s
 => resolving provenance for metadata file                                                                                                                              0.0s
[+] up 5/5
 ✔ Image acs.local:4.20              Built                                                                                                                               0.6s
 ✔ Network docker-compose_acs-net    Created                                                                                                                             0.0s
 ✔ Volume docker-compose_acs-db_data Created                                                                                                                             0.0s
 ✔ Container acs-db                  Created                                                                                                                             0.0s
 ✔ Container acs.local               Created                                                                                                                             0.0s
Attaching to acs-db, acs.local
Container acs-db Waiting 
acs-db  | 2026-01-29 13:38:43+00:00 [Note] [Entrypoint]: Entrypoint script for MySQL Server 8.0.45-1.el9 started.
acs-db  | 2026-01-29 13:38:43+00:00 [Note] [Entrypoint]: Switching to dedicated user 'mysql'
acs-db  | 2026-01-29 13:38:43+00:00 [Note] [Entrypoint]: Entrypoint script for MySQL Server 8.0.45-1.el9 started.
acs-db  | 2026-01-29 13:38:43+00:00 [Note] [Entrypoint]: Initializing database files
acs-db  | 2026-01-29T13:38:43.450886Z 0 [Warning] [MY-011068] [Server] The syntax '--skip-host-cache' is deprecated and will be removed in a future release. Please use SET GLOBAL host_cache_size=0 instead.
acs-db  | 2026-01-29T13:38:43.451427Z 0 [System] [MY-013169] [Server] /usr/sbin/mysqld (mysqld 8.0.45) initializing of server in progress as process 80
acs-db  | 2026-01-29T13:38:43.461093Z 1 [System] [MY-013576] [InnoDB] InnoDB initialization has started.
acs-db  | 2026-01-29T13:38:43.643794Z 1 [System] [MY-013577] [InnoDB] InnoDB initialization has ended.
acs-db  | 2026-01-29T13:38:44.330615Z 6 [Warning] [MY-010453] [Server] root@localhost is created with an empty password ! Please consider switching off the --initialize-insecure option.
acs-db  | 2026-01-29 13:38:46+00:00 [Note] [Entrypoint]: Database files initialized
acs-db  | 2026-01-29 13:38:46+00:00 [Note] [Entrypoint]: Starting temporary server
acs-db  | 2026-01-29T13:38:46.780918Z 0 [Warning] [MY-011068] [Server] The syntax '--skip-host-cache' is deprecated and will be removed in a future release. Please use SET GLOBAL host_cache_size=0 instead.
acs-db  | 2026-01-29T13:38:46.781967Z 0 [System] [MY-010116] [Server] /usr/sbin/mysqld (mysqld 8.0.45) starting as process 124
acs-db  | 2026-01-29T13:38:46.799623Z 1 [System] [MY-013576] [InnoDB] InnoDB initialization has started.
acs-db  | 2026-01-29T13:38:46.903086Z 1 [System] [MY-013577] [InnoDB] InnoDB initialization has ended.
acs-db  | 2026-01-29T13:38:47.090370Z 0 [Warning] [MY-010068] [Server] CA certificate ca.pem is self signed.
acs-db  | 2026-01-29T13:38:47.090391Z 0 [System] [MY-013602] [Server] Channel mysql_main configured to support TLS. Encrypted connections are now supported for this channel.
acs-db  | 2026-01-29T13:38:47.092241Z 0 [Warning] [MY-011810] [Server] Insecure configuration for --pid-file: Location '/var/run/mysqld' in the path is accessible to all OS users. Consider choosing a different directory.
acs-db  | 2026-01-29T13:38:47.106336Z 0 [System] [MY-011323] [Server] X Plugin ready for connections. Socket: /var/run/mysqld/mysqlx.sock
acs-db  | 2026-01-29T13:38:47.106357Z 0 [System] [MY-010931] [Server] /usr/sbin/mysqld: ready for connections. Version: '8.0.45'  socket: '/var/run/mysqld/mysqld.sock'  port: 0  MySQL Community Server - GPL.
acs-db  | 2026-01-29 13:38:47+00:00 [Note] [Entrypoint]: Temporary server started.
acs-db  | '/var/lib/mysql/mysql.sock' -> '/var/run/mysqld/mysqld.sock'
acs-db  | Warning: Unable to load '/usr/share/zoneinfo/iso3166.tab' as time zone. Skipping it.
acs-db  | Warning: Unable to load '/usr/share/zoneinfo/leap-seconds.list' as time zone. Skipping it.
acs-db  | Warning: Unable to load '/usr/share/zoneinfo/leapseconds' as time zone. Skipping it.
acs-db  | Warning: Unable to load '/usr/share/zoneinfo/tzdata.zi' as time zone. Skipping it.
acs-db  | Warning: Unable to load '/usr/share/zoneinfo/zone.tab' as time zone. Skipping it.
acs-db  | Warning: Unable to load '/usr/share/zoneinfo/zone1970.tab' as time zone. Skipping it.
acs-db  | 
acs-db  | 2026-01-29 13:38:48+00:00 [Note] [Entrypoint]: /usr/local/bin/docker-entrypoint.sh: running /docker-entrypoint-initdb.d/init.sql
acs-db  | 
acs-db  | 
acs-db  | 2026-01-29 13:38:48+00:00 [Note] [Entrypoint]: Stopping temporary server
acs-db  | 2026-01-29T13:38:48.327408Z 11 [System] [MY-013172] [Server] Received SHUTDOWN from user root. Shutting down mysqld (Version: 8.0.45).
acs-db  | 2026-01-29T13:38:49.624020Z 0 [System] [MY-010910] [Server] /usr/sbin/mysqld: Shutdown complete (mysqld 8.0.45)  MySQL Community Server - GPL.
acs-db  | 2026-01-29 13:38:50+00:00 [Note] [Entrypoint]: Temporary server stopped
acs-db  | 
acs-db  | 2026-01-29 13:38:50+00:00 [Note] [Entrypoint]: MySQL init process done. Ready for start up.
acs-db  | 
acs-db  | 2026-01-29T13:38:50.558253Z 0 [Warning] [MY-011068] [Server] The syntax '--skip-host-cache' is deprecated and will be removed in a future release. Please use SET GLOBAL host_cache_size=0 instead.
acs-db  | 2026-01-29T13:38:50.559153Z 0 [System] [MY-010116] [Server] /usr/sbin/mysqld (mysqld 8.0.45) starting as process 1
acs-db  | 2026-01-29T13:38:50.564360Z 1 [System] [MY-013576] [InnoDB] InnoDB initialization has started.
acs-db  | 2026-01-29T13:38:50.658072Z 1 [System] [MY-013577] [InnoDB] InnoDB initialization has ended.
acs-db  | 2026-01-29T13:38:50.819106Z 0 [Warning] [MY-010068] [Server] CA certificate ca.pem is self signed.
acs-db  | 2026-01-29T13:38:50.819126Z 0 [System] [MY-013602] [Server] Channel mysql_main configured to support TLS. Encrypted connections are now supported for this channel.
acs-db  | 2026-01-29T13:38:50.820968Z 0 [Warning] [MY-011810] [Server] Insecure configuration for --pid-file: Location '/var/run/mysqld' in the path is accessible to all OS users. Consider choosing a different directory.
acs-db  | 2026-01-29T13:38:50.835148Z 0 [System] [MY-011323] [Server] X Plugin ready for connections. Bind-address: '::' port: 33060, socket: /var/run/mysqld/mysqlx.sock
acs-db  | 2026-01-29T13:38:50.835336Z 0 [System] [MY-010931] [Server] /usr/sbin/mysqld: ready for connections. Version: '8.0.45'  socket: '/var/run/mysqld/mysqld.sock'  port: 3306  MySQL Community Server - GPL.
Container acs-db Healthy 
acs.local  | Mysql user name:cloud                                                           [ OK ]
acs.local  | Mysql user password:******                                                      [ OK ]
acs.local  | Mysql server ip:acs-db                                                          [ OK ]
acs.local  | Mysql server port:3306                                                          [ OK ]
acs.local  | Checking Cloud database files ...                                               [ OK ]
acs.local  | Checking local machine hostname ...                                             [ OK ]
acs.local  | Checking SELinux setup ...                                                      [ OK ]
acs.local  | Detected local IP address as 172.18.0.3, will use as cluster management server node IP[ OK ]
acs.local  | Preparing /etc/cloudstack/management/db.properties                              [ OK ]
acs.local  | Applying /usr/share/cloudstack-management/setup/create-schema.sql               [ OK ]
acs.local  | Applying /usr/share/cloudstack-management/setup/create-schema-premium.sql       [ OK ]
acs.local  | Applying /usr/share/cloudstack-management/setup/server-setup.sql                [ OK ]
acs.local  | Applying /usr/share/cloudstack-management/setup/templates.sql                   [ OK ]
acs.local  | Processing encryption ...                                                       [ OK ]
acs.local  | Finalizing setup ...                                                            [ OK ]
acs.local  | 
acs.local  | CloudStack has successfully initialized database, you can check your database configuration in /etc/cloudstack/management/db.properties
acs.local  | 
acs.local  | Starting to configure CloudStack Management Server:
acs.local  | Configure CloudStack Management Server ...Configured successfully, but not starting management server.
acs.local  | [OK]
acs.local  | CloudStack Management Server setup is Done!
acs.local  | Please ensure ports 8080, 8250, 8443, and 9090 are opened and not firewalled for the management server and not in use by other processes on this host.
acs.local  | 2026-01-29 13:38:59,677 main ERROR TcpSocketManager (TCP:localhost:4560) caught exception and will continue: java.io.IOException: Unable to create socket for localhost at port 4560 using ip address 127.0.0.1 and port 4560
acs.local  |    at org.apache.logging.log4j.core.net.TcpSocketManager$TcpSocketManagerFactory.createSocket(TcpSocketManager.java:509)
acs.local  |    at org.apache.logging.log4j.core.net.TcpSocketManager$TcpSocketManagerFactory.createManager(TcpSocketManager.java:478)
acs.local  |    at org.apache.logging.log4j.core.net.TcpSocketManager$TcpSocketManagerFactory.createManager(TcpSocketManager.java:459)
acs.local  |    at org.apache.logging.log4j.core.appender.AbstractManager.getManager(AbstractManager.java:144)
acs.local  |    at org.apache.logging.log4j.core.appender.OutputStreamManager.getManager(OutputStreamManager.java:100)
acs.local  |    at org.apache.logging.log4j.core.net.TcpSocketManager.getSocketManager(TcpSocketManager.java:202)
acs.local  |    at org.apache.logging.log4j.core.appender.SocketAppender.createSocketManager(SocketAppender.java:497)
acs.local  |    at org.apache.logging.log4j.core.appender.SyslogAppender$Builder.build(SyslogAppender.java:151)
acs.local  |    at org.apache.logging.log4j.core.appender.SyslogAppender$Builder.build(SyslogAppender.java:50)
acs.local  |    at org.apache.logging.log4j.core.config.plugins.util.PluginBuilder.build(PluginBuilder.java:124)
acs.local  |    at org.apache.logging.log4j.core.config.AbstractConfiguration.createPluginObject(AbstractConfiguration.java:1138)
acs.local  |    at org.apache.logging.log4j.core.config.AbstractConfiguration.createConfiguration(AbstractConfiguration.java:1063)
acs.local  |    at org.apache.logging.log4j.core.config.AbstractConfiguration.createConfiguration(AbstractConfiguration.java:1055)
acs.local  |    at org.apache.logging.log4j.core.config.AbstractConfiguration.doConfigure(AbstractConfiguration.java:664)
acs.local  |    at org.apache.logging.log4j.core.config.AbstractConfiguration.initialize(AbstractConfiguration.java:258)
acs.local  |    at org.apache.logging.log4j.core.config.AbstractConfiguration.start(AbstractConfiguration.java:304)
acs.local  |    at org.apache.logging.log4j.core.LoggerContext.setConfiguration(LoggerContext.java:621)
acs.local  |    at org.apache.logging.log4j.core.LoggerContext.reconfigure(LoggerContext.java:694)
acs.local  |    at org.apache.logging.log4j.core.LoggerContext.reconfigure(LoggerContext.java:711)
acs.local  |    at org.apache.logging.log4j.core.LoggerContext.start(LoggerContext.java:253)
acs.local  |    at org.apache.logging.log4j.core.impl.Log4jContextFactory.getContext(Log4jContextFactory.java:155)
acs.local  |    at org.apache.logging.log4j.core.impl.Log4jContextFactory.getContext(Log4jContextFactory.java:47)
acs.local  |    at org.apache.logging.log4j.LogManager.getContext(LogManager.java:196)
acs.local  |    at org.apache.logging.log4j.LogManager.getLogger(LogManager.java:599)
acs.local  |    at org.apache.cloudstack.ServerDaemon.<init>(ServerDaemon.java:65)
acs.local  |    at org.apache.cloudstack.ServerDaemon.main(ServerDaemon.java:113)
acs.local  | Caused by: java.net.ConnectException: Connection refused
acs.local  |    at java.base/sun.nio.ch.Net.connect0(Native Method)
acs.local  |    at java.base/sun.nio.ch.Net.connect(Net.java:579)
acs.local  |    at java.base/sun.nio.ch.Net.connect(Net.java:568)
acs.local  |    at java.base/sun.nio.ch.NioSocketImpl.connect(NioSocketImpl.java:593)
acs.local  |    at java.base/java.net.SocksSocketImpl.connect(SocksSocketImpl.java:327)
acs.local  |    at java.base/java.net.Socket.connect(Socket.java:633)
acs.local  |    at org.apache.logging.log4j.core.net.TcpSocketManager.createSocket(TcpSocketManager.java:409)
acs.local  |    at org.apache.logging.log4j.core.net.TcpSocketManager$TcpSocketManagerFactory.createSocket(TcpSocketManager.java:504)
acs.local  |    ... 25 more
acs.local  | 
acs.local  | 2026-01-29 13:38:59,699 main ERROR appenders Appenders has no parameter that matches element properties
acs.local  | SLF4J: Failed to load class "org.slf4j.impl.StaticLoggerBinder".
acs.local  | SLF4J: Defaulting to no-operation (NOP) logger implementation
acs.local  | SLF4J: See http://www.slf4j.org/codes.html#StaticLoggerBinder for further details.
acs.local  | WARNING: sun.reflect.Reflection.getCallerClass is not supported. This will impact performance.
acs.local  | 2026-01-29 13:39:06,333 main ERROR appenders Appenders has no parameter that matches element properties
acs.local  | 2026-01-29 13:39:31,992 main ERROR Unable to write to stream TCP:localhost:4560 for appender SYSLOG org.apache.logging.log4j.core.appender.AppenderLoggingException: Error writing to TCP:localhost:4560: socket not available
acs.local  |    at org.apache.logging.log4j.core.net.TcpSocketManager.write(TcpSocketManager.java:214)
acs.local  |    at org.apache.logging.log4j.core.appender.OutputStreamManager.write(OutputStreamManager.java:190)
acs.local  |    at org.apache.logging.log4j.core.appender.AbstractOutputStreamAppender.writeByteArrayToManager(AbstractOutputStreamAppender.java:224)
acs.local  |    at org.apache.logging.log4j.core.appender.SocketAppender.directEncodeEvent(SocketAppender.java:513)
acs.local  |    at org.apache.logging.log4j.core.appender.AbstractOutputStreamAppender.tryAppend(AbstractOutputStreamAppender.java:208)
acs.local  |    at org.apache.logging.log4j.core.appender.AbstractOutputStreamAppender.append(AbstractOutputStreamAppender.java:199)
acs.local  |    at org.apache.logging.log4j.core.config.AppenderControl.tryCallAppender(AppenderControl.java:161)
acs.local  |    at org.apache.logging.log4j.core.config.AppenderControl.callAppender0(AppenderControl.java:134)
acs.local  |    at org.apache.logging.log4j.core.config.AppenderControl.callAppenderPreventRecursion(AppenderControl.java:125)
acs.local  |    at org.apache.logging.log4j.core.config.AppenderControl.callAppender(AppenderControl.java:89)
acs.local  |    at org.apache.logging.log4j.core.config.LoggerConfig.callAppenders(LoggerConfig.java:683)
acs.local  |    at org.apache.logging.log4j.core.config.LoggerConfig.processLogEvent(LoggerConfig.java:641)
acs.local  |    at org.apache.logging.log4j.core.config.LoggerConfig.log(LoggerConfig.java:624)
acs.local  |    at org.apache.logging.log4j.core.config.LoggerConfig.logParent(LoggerConfig.java:674)
acs.local  |    at org.apache.logging.log4j.core.config.LoggerConfig.processLogEvent(LoggerConfig.java:643)
acs.local  |    at org.apache.logging.log4j.core.config.LoggerConfig.log(LoggerConfig.java:624)
acs.local  |    at org.apache.logging.log4j.core.config.LoggerConfig.log(LoggerConfig.java:560)
acs.local  |    at org.apache.logging.log4j.core.config.AwaitCompletionReliabilityStrategy.log(AwaitCompletionReliabilityStrategy.java:82)
acs.local  |    at org.apache.logging.log4j.core.Logger.log(Logger.java:162)
acs.local  |    at org.apache.logging.log4j.spi.AbstractLogger.tryLogMessage(AbstractLogger.java:2205)
acs.local  |    at org.apache.logging.log4j.spi.AbstractLogger.logMessageTrackRecursion(AbstractLogger.java:2159)
acs.local  |    at org.apache.logging.log4j.spi.AbstractLogger.logMessageSafely(AbstractLogger.java:2142)
acs.local  |    at org.apache.logging.log4j.spi.AbstractLogger.logMessage(AbstractLogger.java:2017)
acs.local  |    at org.apache.logging.log4j.spi.AbstractLogger.logIfEnabled(AbstractLogger.java:1983)
acs.local  |    at org.apache.logging.log4j.spi.AbstractLogger.error(AbstractLogger.java:740)
acs.local  |    at com.cloud.utils.PropertiesUtil.loadFromJar(PropertiesUtil.java:133)
acs.local  |    at com.cloud.utils.PropertiesUtil.processConfigFile(PropertiesUtil.java:154)
acs.local  |    at com.cloud.upgrade.dao.Upgrade41000to41100.checkAndEnableDynamicRoles(Upgrade41000to41100.java:68)
acs.local  |    at com.cloud.upgrade.dao.Upgrade41000to41100.performDataMigration(Upgrade41000to41100.java:63)
acs.local  |    at com.cloud.upgrade.DatabaseUpgradeChecker.executeUpgrade(DatabaseUpgradeChecker.java:367)
acs.local  |    at com.cloud.upgrade.DatabaseUpgradeChecker.executeUpgrades(DatabaseUpgradeChecker.java:339)
acs.local  |    at com.cloud.upgrade.DatabaseUpgradeChecker.upgrade(DatabaseUpgradeChecker.java:305)
acs.local  |    at com.cloud.upgrade.DatabaseUpgradeChecker.check(DatabaseUpgradeChecker.java:478)
acs.local  |    at org.apache.cloudstack.spring.lifecycle.CloudStackExtendedLifeCycle.checkIntegrity(CloudStackExtendedLifeCycle.java:62)
acs.local  |    at org.apache.cloudstack.spring.lifecycle.CloudStackExtendedLifeCycle.start(CloudStackExtendedLifeCycle.java:52)
acs.local  |    at org.springframework.context.support.DefaultLifecycleProcessor.doStart(DefaultLifecycleProcessor.java:178)
acs.local  |    at org.springframework.context.support.DefaultLifecycleProcessor.access$200(DefaultLifecycleProcessor.java:54)
acs.local  |    at org.springframework.context.support.DefaultLifecycleProcessor$LifecycleGroup.start(DefaultLifecycleProcessor.java:356)
acs.local  |    at java.base/java.lang.Iterable.forEach(Iterable.java:75)
acs.local  |    at org.springframework.context.support.DefaultLifecycleProcessor.startBeans(DefaultLifecycleProcessor.java:155)
acs.local  |    at org.springframework.context.support.DefaultLifecycleProcessor.onRefresh(DefaultLifecycleProcessor.java:123)
acs.local  |    at org.springframework.context.support.AbstractApplicationContext.finishRefresh(AbstractApplicationContext.java:937)
acs.local  |    at org.springframework.context.support.AbstractApplicationContext.refresh(AbstractApplicationContext.java:586)
acs.local  |    at org.apache.cloudstack.spring.module.model.impl.DefaultModuleDefinitionSet.loadContext(DefaultModuleDefinitionSet.java:174)
acs.local  |    at org.apache.cloudstack.spring.module.model.impl.DefaultModuleDefinitionSet$2.with(DefaultModuleDefinitionSet.java:143)
acs.local  |    at org.apache.cloudstack.spring.module.model.impl.DefaultModuleDefinitionSet.withModule(DefaultModuleDefinitionSet.java:274)
acs.local  |    at org.apache.cloudstack.spring.module.model.impl.DefaultModuleDefinitionSet.withModule(DefaultModuleDefinitionSet.java:279)
acs.local  |    at org.apache.cloudstack.spring.module.model.impl.DefaultModuleDefinitionSet.withModule(DefaultModuleDefinitionSet.java:262)
acs.local  |    at org.apache.cloudstack.spring.module.model.impl.DefaultModuleDefinitionSet.loadContexts(DefaultModuleDefinitionSet.java:131)
acs.local  |    at org.apache.cloudstack.spring.module.model.impl.DefaultModuleDefinitionSet.load(DefaultModuleDefinitionSet.java:79)
acs.local  |    at org.apache.cloudstack.spring.module.factory.ModuleBasedContextFactory.loadModules(ModuleBasedContextFactory.java:37)
acs.local  |    at org.apache.cloudstack.spring.module.factory.CloudStackSpringContext.init(CloudStackSpringContext.java:71)
acs.local  |    at org.apache.cloudstack.spring.module.factory.CloudStackSpringContext.<init>(CloudStackSpringContext.java:58)
acs.local  |    at org.apache.cloudstack.spring.module.factory.CloudStackSpringContext.<init>(CloudStackSpringContext.java:62)
acs.local  |    at org.apache.cloudstack.spring.module.web.CloudStackContextLoaderListener.contextInitialized(CloudStackContextLoaderListener.java:53)
acs.local  |    at org.eclipse.jetty.server.handler.ContextHandler.callContextInitialized(ContextHandler.java:1073)
acs.local  |    at org.eclipse.jetty.servlet.ServletContextHandler.callContextInitialized(ServletContextHandler.java:572)
acs.local  |    at org.eclipse.jetty.server.handler.ContextHandler.contextInitialized(ContextHandler.java:1002)
acs.local  |    at org.eclipse.jetty.servlet.ServletHandler.initialize(ServletHandler.java:765)
acs.local  |    at org.eclipse.jetty.servlet.ServletContextHandler.startContext(ServletContextHandler.java:379)
acs.local  |    at org.eclipse.jetty.webapp.WebAppContext.startWebapp(WebAppContext.java:1449)
acs.local  |    at org.eclipse.jetty.webapp.WebAppContext.startContext(WebAppContext.java:1414)
acs.local  |    at org.eclipse.jetty.server.handler.ContextHandler.doStart(ContextHandler.java:916)
acs.local  |    at org.eclipse.jetty.servlet.ServletContextHandler.doStart(ServletContextHandler.java:288)
acs.local  |    at org.eclipse.jetty.webapp.WebAppContext.doStart(WebAppContext.java:524)
acs.local  |    at org.eclipse.jetty.util.component.AbstractLifeCycle.start(AbstractLifeCycle.java:73)
acs.local  |    at org.eclipse.jetty.util.component.ContainerLifeCycle.start(ContainerLifeCycle.java:169)
acs.local  |    at org.eclipse.jetty.util.component.ContainerLifeCycle.doStart(ContainerLifeCycle.java:110)
acs.local  |    at org.eclipse.jetty.server.handler.AbstractHandler.doStart(AbstractHandler.java:97)
acs.local  |    at org.eclipse.jetty.server.handler.gzip.GzipHandler.doStart(GzipHandler.java:426)
acs.local  |    at org.eclipse.jetty.util.component.AbstractLifeCycle.start(AbstractLifeCycle.java:73)
acs.local  |    at org.eclipse.jetty.util.component.ContainerLifeCycle.start(ContainerLifeCycle.java:169)
acs.local  |    at org.eclipse.jetty.util.component.ContainerLifeCycle.doStart(ContainerLifeCycle.java:117)
acs.local  |    at org.eclipse.jetty.server.handler.AbstractHandler.doStart(AbstractHandler.java:97)
acs.local  |    at org.eclipse.jetty.util.component.AbstractLifeCycle.start(AbstractLifeCycle.java:73)
acs.local  |    at org.eclipse.jetty.util.component.ContainerLifeCycle.start(ContainerLifeCycle.java:169)
acs.local  |    at org.eclipse.jetty.server.Server.start(Server.java:423)
acs.local  |    at org.eclipse.jetty.util.component.ContainerLifeCycle.doStart(ContainerLifeCycle.java:110)
acs.local  |    at org.eclipse.jetty.server.handler.AbstractHandler.doStart(AbstractHandler.java:97)
acs.local  |    at org.eclipse.jetty.server.Server.doStart(Server.java:387)
acs.local  |    at org.eclipse.jetty.util.component.AbstractLifeCycle.start(AbstractLifeCycle.java:73)
acs.local  |    at org.apache.cloudstack.ServerDaemon.start(ServerDaemon.java:204)
acs.local  |    at org.apache.cloudstack.ServerDaemon.main(ServerDaemon.java:115)
acs.local  | 
acs.local  | 2026-01-29 13:39:31,994 main ERROR An exception occurred processing Appender SYSLOG org.apache.logging.log4j.core.appender.AppenderLoggingException: Error writing to TCP:localhost:4560: socket not available
acs.local  |    at org.apache.logging.log4j.core.net.TcpSocketManager.write(TcpSocketManager.java:214)
acs.local  |    at org.apache.logging.log4j.core.appender.OutputStreamManager.write(OutputStreamManager.java:190)
acs.local  |    at org.apache.logging.log4j.core.appender.AbstractOutputStreamAppender.writeByteArrayToManager(AbstractOutputStreamAppender.java:224)
acs.local  |    at org.apache.logging.log4j.core.appender.SocketAppender.directEncodeEvent(SocketAppender.java:513)
acs.local  |    at org.apache.logging.log4j.core.appender.AbstractOutputStreamAppender.tryAppend(AbstractOutputStreamAppender.java:208)
acs.local  |    at org.apache.logging.log4j.core.appender.AbstractOutputStreamAppender.append(AbstractOutputStreamAppender.java:199)
acs.local  |    at org.apache.logging.log4j.core.config.AppenderControl.tryCallAppender(AppenderControl.java:161)
acs.local  |    at org.apache.logging.log4j.core.config.AppenderControl.callAppender0(AppenderControl.java:134)
acs.local  |    at org.apache.logging.log4j.core.config.AppenderControl.callAppenderPreventRecursion(AppenderControl.java:125)
acs.local  |    at org.apache.logging.log4j.core.config.AppenderControl.callAppender(AppenderControl.java:89)
acs.local  |    at org.apache.logging.log4j.core.config.LoggerConfig.callAppenders(LoggerConfig.java:683)
acs.local  |    at org.apache.logging.log4j.core.config.LoggerConfig.processLogEvent(LoggerConfig.java:641)
acs.local  |    at org.apache.logging.log4j.core.config.LoggerConfig.log(LoggerConfig.java:624)
acs.local  |    at org.apache.logging.log4j.core.config.LoggerConfig.logParent(LoggerConfig.java:674)
acs.local  |    at org.apache.logging.log4j.core.config.LoggerConfig.processLogEvent(LoggerConfig.java:643)
acs.local  |    at org.apache.logging.log4j.core.config.LoggerConfig.log(LoggerConfig.java:624)
acs.local  |    at org.apache.logging.log4j.core.config.LoggerConfig.log(LoggerConfig.java:560)
acs.local  |    at org.apache.logging.log4j.core.config.AwaitCompletionReliabilityStrategy.log(AwaitCompletionReliabilityStrategy.java:82)
acs.local  |    at org.apache.logging.log4j.core.Logger.log(Logger.java:162)
acs.local  |    at org.apache.logging.log4j.spi.AbstractLogger.tryLogMessage(AbstractLogger.java:2205)
acs.local  |    at org.apache.logging.log4j.spi.AbstractLogger.logMessageTrackRecursion(AbstractLogger.java:2159)
acs.local  |    at org.apache.logging.log4j.spi.AbstractLogger.logMessageSafely(AbstractLogger.java:2142)
acs.local  |    at org.apache.logging.log4j.spi.AbstractLogger.logMessage(AbstractLogger.java:2017)
acs.local  |    at org.apache.logging.log4j.spi.AbstractLogger.logIfEnabled(AbstractLogger.java:1983)
acs.local  |    at org.apache.logging.log4j.spi.AbstractLogger.error(AbstractLogger.java:740)
acs.local  |    at com.cloud.utils.PropertiesUtil.loadFromJar(PropertiesUtil.java:133)
acs.local  |    at com.cloud.utils.PropertiesUtil.processConfigFile(PropertiesUtil.java:154)
acs.local  |    at com.cloud.upgrade.dao.Upgrade41000to41100.checkAndEnableDynamicRoles(Upgrade41000to41100.java:68)
acs.local  |    at com.cloud.upgrade.dao.Upgrade41000to41100.performDataMigration(Upgrade41000to41100.java:63)
acs.local  |    at com.cloud.upgrade.DatabaseUpgradeChecker.executeUpgrade(DatabaseUpgradeChecker.java:367)
acs.local  |    at com.cloud.upgrade.DatabaseUpgradeChecker.executeUpgrades(DatabaseUpgradeChecker.java:339)
acs.local  |    at com.cloud.upgrade.DatabaseUpgradeChecker.upgrade(DatabaseUpgradeChecker.java:305)
acs.local  |    at com.cloud.upgrade.DatabaseUpgradeChecker.check(DatabaseUpgradeChecker.java:478)
acs.local  |    at org.apache.cloudstack.spring.lifecycle.CloudStackExtendedLifeCycle.checkIntegrity(CloudStackExtendedLifeCycle.java:62)
acs.local  |    at org.apache.cloudstack.spring.lifecycle.CloudStackExtendedLifeCycle.start(CloudStackExtendedLifeCycle.java:52)
acs.local  |    at org.springframework.context.support.DefaultLifecycleProcessor.doStart(DefaultLifecycleProcessor.java:178)
acs.local  |    at org.springframework.context.support.DefaultLifecycleProcessor.access$200(DefaultLifecycleProcessor.java:54)
acs.local  |    at org.springframework.context.support.DefaultLifecycleProcessor$LifecycleGroup.start(DefaultLifecycleProcessor.java:356)
acs.local  |    at java.base/java.lang.Iterable.forEach(Iterable.java:75)
acs.local  |    at org.springframework.context.support.DefaultLifecycleProcessor.startBeans(DefaultLifecycleProcessor.java:155)
acs.local  |    at org.springframework.context.support.DefaultLifecycleProcessor.onRefresh(DefaultLifecycleProcessor.java:123)
acs.local  |    at org.springframework.context.support.AbstractApplicationContext.finishRefresh(AbstractApplicationContext.java:937)
acs.local  |    at org.springframework.context.support.AbstractApplicationContext.refresh(AbstractApplicationContext.java:586)
acs.local  |    at org.apache.cloudstack.spring.module.model.impl.DefaultModuleDefinitionSet.loadContext(DefaultModuleDefinitionSet.java:174)
acs.local  |    at org.apache.cloudstack.spring.module.model.impl.DefaultModuleDefinitionSet$2.with(DefaultModuleDefinitionSet.java:143)
acs.local  |    at org.apache.cloudstack.spring.module.model.impl.DefaultModuleDefinitionSet.withModule(DefaultModuleDefinitionSet.java:274)
acs.local  |    at org.apache.cloudstack.spring.module.model.impl.DefaultModuleDefinitionSet.withModule(DefaultModuleDefinitionSet.java:279)
acs.local  |    at org.apache.cloudstack.spring.module.model.impl.DefaultModuleDefinitionSet.withModule(DefaultModuleDefinitionSet.java:262)
acs.local  |    at org.apache.cloudstack.spring.module.model.impl.DefaultModuleDefinitionSet.loadContexts(DefaultModuleDefinitionSet.java:131)
acs.local  |    at org.apache.cloudstack.spring.module.model.impl.DefaultModuleDefinitionSet.load(DefaultModuleDefinitionSet.java:79)
acs.local  |    at org.apache.cloudstack.spring.module.factory.ModuleBasedContextFactory.loadModules(ModuleBasedContextFactory.java:37)
acs.local  |    at org.apache.cloudstack.spring.module.factory.CloudStackSpringContext.init(CloudStackSpringContext.java:71)
acs.local  |    at org.apache.cloudstack.spring.module.factory.CloudStackSpringContext.<init>(CloudStackSpringContext.java:58)
acs.local  |    at org.apache.cloudstack.spring.module.factory.CloudStackSpringContext.<init>(CloudStackSpringContext.java:62)
acs.local  |    at org.apache.cloudstack.spring.module.web.CloudStackContextLoaderListener.contextInitialized(CloudStackContextLoaderListener.java:53)
acs.local  |    at org.eclipse.jetty.server.handler.ContextHandler.callContextInitialized(ContextHandler.java:1073)
acs.local  |    at org.eclipse.jetty.servlet.ServletContextHandler.callContextInitialized(ServletContextHandler.java:572)
acs.local  |    at org.eclipse.jetty.server.handler.ContextHandler.contextInitialized(ContextHandler.java:1002)
acs.local  |    at org.eclipse.jetty.servlet.ServletHandler.initialize(ServletHandler.java:765)
acs.local  |    at org.eclipse.jetty.servlet.ServletContextHandler.startContext(ServletContextHandler.java:379)
acs.local  |    at org.eclipse.jetty.webapp.WebAppContext.startWebapp(WebAppContext.java:1449)
acs.local  |    at org.eclipse.jetty.webapp.WebAppContext.startContext(WebAppContext.java:1414)
acs.local  |    at org.eclipse.jetty.server.handler.ContextHandler.doStart(ContextHandler.java:916)
acs.local  |    at org.eclipse.jetty.servlet.ServletContextHandler.doStart(ServletContextHandler.java:288)
acs.local  |    at org.eclipse.jetty.webapp.WebAppContext.doStart(WebAppContext.java:524)
acs.local  |    at org.eclipse.jetty.util.component.AbstractLifeCycle.start(AbstractLifeCycle.java:73)
acs.local  |    at org.eclipse.jetty.util.component.ContainerLifeCycle.start(ContainerLifeCycle.java:169)
acs.local  |    at org.eclipse.jetty.util.component.ContainerLifeCycle.doStart(ContainerLifeCycle.java:110)
acs.local  |    at org.eclipse.jetty.server.handler.AbstractHandler.doStart(AbstractHandler.java:97)
acs.local  |    at org.eclipse.jetty.server.handler.gzip.GzipHandler.doStart(GzipHandler.java:426)
acs.local  |    at org.eclipse.jetty.util.component.AbstractLifeCycle.start(AbstractLifeCycle.java:73)
acs.local  |    at org.eclipse.jetty.util.component.ContainerLifeCycle.start(ContainerLifeCycle.java:169)
acs.local  |    at org.eclipse.jetty.util.component.ContainerLifeCycle.doStart(ContainerLifeCycle.java:117)
acs.local  |    at org.eclipse.jetty.server.handler.AbstractHandler.doStart(AbstractHandler.java:97)
acs.local  |    at org.eclipse.jetty.util.component.AbstractLifeCycle.start(AbstractLifeCycle.java:73)
acs.local  |    at org.eclipse.jetty.util.component.ContainerLifeCycle.start(ContainerLifeCycle.java:169)
acs.local  |    at org.eclipse.jetty.server.Server.start(Server.java:423)
acs.local  |    at org.eclipse.jetty.util.component.ContainerLifeCycle.doStart(ContainerLifeCycle.java:110)
acs.local  |    at org.eclipse.jetty.server.handler.AbstractHandler.doStart(AbstractHandler.java:97)
acs.local  |    at org.eclipse.jetty.server.Server.doStart(Server.java:387)
acs.local  |    at org.eclipse.jetty.util.component.AbstractLifeCycle.start(AbstractLifeCycle.java:73)
acs.local  |    at org.apache.cloudstack.ServerDaemon.start(ServerDaemon.java:204)
acs.local  |    at org.apache.cloudstack.ServerDaemon.main(ServerDaemon.java:115)
acs.local  | 
acs.local  | 2026-01-29 13:39:40,444 main ERROR Unable to write to stream TCP:localhost:4560 for appender SYSLOG org.apache.logging.log4j.core.appender.AppenderLoggingException: Error writing to TCP:localhost:4560: socket not available
acs.local  |    at org.apache.logging.log4j.core.net.TcpSocketManager.write(TcpSocketManager.java:214)
acs.local  |    at org.apache.logging.log4j.core.appender.OutputStreamManager.write(OutputStreamManager.java:190)
acs.local  |    at org.apache.logging.log4j.core.appender.AbstractOutputStreamAppender.writeByteArrayToManager(AbstractOutputStreamAppender.java:224)
acs.local  |    at org.apache.logging.log4j.core.appender.SocketAppender.directEncodeEvent(SocketAppender.java:513)
acs.local  |    at org.apache.logging.log4j.core.appender.AbstractOutputStreamAppender.tryAppend(AbstractOutputStreamAppender.java:208)
acs.local  |    at org.apache.logging.log4j.core.appender.AbstractOutputStreamAppender.append(AbstractOutputStreamAppender.java:199)
acs.local  |    at org.apache.logging.log4j.core.config.AppenderControl.tryCallAppender(AppenderControl.java:161)
acs.local  |    at org.apache.logging.log4j.core.config.AppenderControl.callAppender0(AppenderControl.java:134)
acs.local  |    at org.apache.logging.log4j.core.config.AppenderControl.callAppenderPreventRecursion(AppenderControl.java:125)
acs.local  |    at org.apache.logging.log4j.core.config.AppenderControl.callAppender(AppenderControl.java:89)
acs.local  |    at org.apache.logging.log4j.core.config.LoggerConfig.callAppenders(LoggerConfig.java:683)
acs.local  |    at org.apache.logging.log4j.core.config.LoggerConfig.processLogEvent(LoggerConfig.java:641)
acs.local  |    at org.apache.logging.log4j.core.config.LoggerConfig.log(LoggerConfig.java:624)
acs.local  |    at org.apache.logging.log4j.core.config.LoggerConfig.logParent(LoggerConfig.java:674)
acs.local  |    at org.apache.logging.log4j.core.config.LoggerConfig.processLogEvent(LoggerConfig.java:643)
acs.local  |    at org.apache.logging.log4j.core.config.LoggerConfig.log(LoggerConfig.java:624)
acs.local  |    at org.apache.logging.log4j.core.config.LoggerConfig.log(LoggerConfig.java:560)
acs.local  |    at org.apache.logging.log4j.core.config.AwaitCompletionReliabilityStrategy.log(AwaitCompletionReliabilityStrategy.java:82)
acs.local  |    at org.apache.logging.log4j.core.Logger.log(Logger.java:162)
acs.local  |    at org.apache.logging.log4j.spi.AbstractLogger.tryLogMessage(AbstractLogger.java:2205)
acs.local  |    at org.apache.logging.log4j.spi.AbstractLogger.logMessageTrackRecursion(AbstractLogger.java:2159)
acs.local  |    at org.apache.logging.log4j.spi.AbstractLogger.logMessageSafely(AbstractLogger.java:2142)
acs.local  |    at org.apache.logging.log4j.spi.AbstractLogger.logMessage(AbstractLogger.java:2017)
acs.local  |    at org.apache.logging.log4j.spi.AbstractLogger.logIfEnabled(AbstractLogger.java:1983)
acs.local  |    at org.apache.logging.log4j.spi.AbstractLogger.warn(AbstractLogger.java:2661)
acs.local  |    at com.cloud.upgrade.GuestOsMapper.getGuestOsId(GuestOsMapper.java:148)
acs.local  |    at com.cloud.upgrade.GuestOsMapper.addGuestOsAndHypervisorMappings(GuestOsMapper.java:165)
acs.local  |    at com.cloud.upgrade.dao.Upgrade41720to41800.updateGuestOsMappings(Upgrade41720to41800.java:257)
acs.local  |    at com.cloud.upgrade.dao.Upgrade41720to41800.performDataMigration(Upgrade41720to41800.java:80)
acs.local  |    at com.cloud.upgrade.DatabaseUpgradeChecker.executeUpgrade(DatabaseUpgradeChecker.java:367)
acs.local  |    at com.cloud.upgrade.DatabaseUpgradeChecker.executeUpgrades(DatabaseUpgradeChecker.java:339)
acs.local  |    at com.cloud.upgrade.DatabaseUpgradeChecker.upgrade(DatabaseUpgradeChecker.java:305)
acs.local  |    at com.cloud.upgrade.DatabaseUpgradeChecker.check(DatabaseUpgradeChecker.java:478)
acs.local  |    at org.apache.cloudstack.spring.lifecycle.CloudStackExtendedLifeCycle.checkIntegrity(CloudStackExtendedLifeCycle.java:62)
acs.local  |    at org.apache.cloudstack.spring.lifecycle.CloudStackExtendedLifeCycle.start(CloudStackExtendedLifeCycle.java:52)
acs.local  |    at org.springframework.context.support.DefaultLifecycleProcessor.doStart(DefaultLifecycleProcessor.java:178)
acs.local  |    at org.springframework.context.support.DefaultLifecycleProcessor.access$200(DefaultLifecycleProcessor.java:54)
acs.local  |    at org.springframework.context.support.DefaultLifecycleProcessor$LifecycleGroup.start(DefaultLifecycleProcessor.java:356)
acs.local  |    at java.base/java.lang.Iterable.forEach(Iterable.java:75)
acs.local  |    at org.springframework.context.support.DefaultLifecycleProcessor.startBeans(DefaultLifecycleProcessor.java:155)
acs.local  |    at org.springframework.context.support.DefaultLifecycleProcessor.onRefresh(DefaultLifecycleProcessor.java:123)
acs.local  |    at org.springframework.context.support.AbstractApplicationContext.finishRefresh(AbstractApplicationContext.java:937)
acs.local  |    at org.springframework.context.support.AbstractApplicationContext.refresh(AbstractApplicationContext.java:586)
acs.local  |    at org.apache.cloudstack.spring.module.model.impl.DefaultModuleDefinitionSet.loadContext(DefaultModuleDefinitionSet.java:174)
acs.local  |    at org.apache.cloudstack.spring.module.model.impl.DefaultModuleDefinitionSet$2.with(DefaultModuleDefinitionSet.java:143)
acs.local  |    at org.apache.cloudstack.spring.module.model.impl.DefaultModuleDefinitionSet.withModule(DefaultModuleDefinitionSet.java:274)
acs.local  |    at org.apache.cloudstack.spring.module.model.impl.DefaultModuleDefinitionSet.withModule(DefaultModuleDefinitionSet.java:279)
acs.local  |    at org.apache.cloudstack.spring.module.model.impl.DefaultModuleDefinitionSet.withModule(DefaultModuleDefinitionSet.java:262)
acs.local  |    at org.apache.cloudstack.spring.module.model.impl.DefaultModuleDefinitionSet.loadContexts(DefaultModuleDefinitionSet.java:131)
acs.local  |    at org.apache.cloudstack.spring.module.model.impl.DefaultModuleDefinitionSet.load(DefaultModuleDefinitionSet.java:79)
acs.local  |    at org.apache.cloudstack.spring.module.factory.ModuleBasedContextFactory.loadModules(ModuleBasedContextFactory.java:37)
acs.local  |    at org.apache.cloudstack.spring.module.factory.CloudStackSpringContext.init(CloudStackSpringContext.java:71)
acs.local  |    at org.apache.cloudstack.spring.module.factory.CloudStackSpringContext.<init>(CloudStackSpringContext.java:58)
acs.local  |    at org.apache.cloudstack.spring.module.factory.CloudStackSpringContext.<init>(CloudStackSpringContext.java:62)
acs.local  |    at org.apache.cloudstack.spring.module.web.CloudStackContextLoaderListener.contextInitialized(CloudStackContextLoaderListener.java:53)
acs.local  |    at org.eclipse.jetty.server.handler.ContextHandler.callContextInitialized(ContextHandler.java:1073)
acs.local  |    at org.eclipse.jetty.servlet.ServletContextHandler.callContextInitialized(ServletContextHandler.java:572)
acs.local  |    at org.eclipse.jetty.server.handler.ContextHandler.contextInitialized(ContextHandler.java:1002)
acs.local  |    at org.eclipse.jetty.servlet.ServletHandler.initialize(ServletHandler.java:765)
acs.local  |    at org.eclipse.jetty.servlet.ServletContextHandler.startContext(ServletContextHandler.java:379)
acs.local  |    at org.eclipse.jetty.webapp.WebAppContext.startWebapp(WebAppContext.java:1449)
acs.local  |    at org.eclipse.jetty.webapp.WebAppContext.startContext(WebAppContext.java:1414)
acs.local  |    at org.eclipse.jetty.server.handler.ContextHandler.doStart(ContextHandler.java:916)
acs.local  |    at org.eclipse.jetty.servlet.ServletContextHandler.doStart(ServletContextHandler.java:288)
acs.local  |    at org.eclipse.jetty.webapp.WebAppContext.doStart(WebAppContext.java:524)
acs.local  |    at org.eclipse.jetty.util.component.AbstractLifeCycle.start(AbstractLifeCycle.java:73)
acs.local  |    at org.eclipse.jetty.util.component.ContainerLifeCycle.start(ContainerLifeCycle.java:169)
acs.local  |    at org.eclipse.jetty.util.component.ContainerLifeCycle.doStart(ContainerLifeCycle.java:110)
acs.local  |    at org.eclipse.jetty.server.handler.AbstractHandler.doStart(AbstractHandler.java:97)
acs.local  |    at org.eclipse.jetty.server.handler.gzip.GzipHandler.doStart(GzipHandler.java:426)
acs.local  |    at org.eclipse.jetty.util.component.AbstractLifeCycle.start(AbstractLifeCycle.java:73)
acs.local  |    at org.eclipse.jetty.util.component.ContainerLifeCycle.start(ContainerLifeCycle.java:169)
acs.local  |    at org.eclipse.jetty.util.component.ContainerLifeCycle.doStart(ContainerLifeCycle.java:117)
acs.local  |    at org.eclipse.jetty.server.handler.AbstractHandler.doStart(AbstractHandler.java:97)
acs.local  |    at org.eclipse.jetty.util.component.AbstractLifeCycle.start(AbstractLifeCycle.java:73)
acs.local  |    at org.eclipse.jetty.util.component.ContainerLifeCycle.start(ContainerLifeCycle.java:169)
acs.local  |    at org.eclipse.jetty.server.Server.start(Server.java:423)
acs.local  |    at org.eclipse.jetty.util.component.ContainerLifeCycle.doStart(ContainerLifeCycle.java:110)
acs.local  |    at org.eclipse.jetty.server.handler.AbstractHandler.doStart(AbstractHandler.java:97)
acs.local  |    at org.eclipse.jetty.server.Server.doStart(Server.java:387)
acs.local  |    at org.eclipse.jetty.util.component.AbstractLifeCycle.start(AbstractLifeCycle.java:73)
acs.local  |    at org.apache.cloudstack.ServerDaemon.start(ServerDaemon.java:204)
acs.local  |    at org.apache.cloudstack.ServerDaemon.main(ServerDaemon.java:115)
acs.local  | 
acs.local  | 2026-01-29 13:39:40,446 main ERROR An exception occurred processing Appender SYSLOG org.apache.logging.log4j.core.appender.AppenderLoggingException: Error writing to TCP:localhost:4560: socket not available
acs.local  |    at org.apache.logging.log4j.core.net.TcpSocketManager.write(TcpSocketManager.java:214)
acs.local  |    at org.apache.logging.log4j.core.appender.OutputStreamManager.write(OutputStreamManager.java:190)
acs.local  |    at org.apache.logging.log4j.core.appender.AbstractOutputStreamAppender.writeByteArrayToManager(AbstractOutputStreamAppender.java:224)
acs.local  |    at org.apache.logging.log4j.core.appender.SocketAppender.directEncodeEvent(SocketAppender.java:513)
acs.local  |    at org.apache.logging.log4j.core.appender.AbstractOutputStreamAppender.tryAppend(AbstractOutputStreamAppender.java:208)
acs.local  |    at org.apache.logging.log4j.core.appender.AbstractOutputStreamAppender.append(AbstractOutputStreamAppender.java:199)
acs.local  |    at org.apache.logging.log4j.core.config.AppenderControl.tryCallAppender(AppenderControl.java:161)
acs.local  |    at org.apache.logging.log4j.core.config.AppenderControl.callAppender0(AppenderControl.java:134)
acs.local  |    at org.apache.logging.log4j.core.config.AppenderControl.callAppenderPreventRecursion(AppenderControl.java:125)
acs.local  |    at org.apache.logging.log4j.core.config.AppenderControl.callAppender(AppenderControl.java:89)
acs.local  |    at org.apache.logging.log4j.core.config.LoggerConfig.callAppenders(LoggerConfig.java:683)
acs.local  |    at org.apache.logging.log4j.core.config.LoggerConfig.processLogEvent(LoggerConfig.java:641)
acs.local  |    at org.apache.logging.log4j.core.config.LoggerConfig.log(LoggerConfig.java:624)
acs.local  |    at org.apache.logging.log4j.core.config.LoggerConfig.logParent(LoggerConfig.java:674)
acs.local  |    at org.apache.logging.log4j.core.config.LoggerConfig.processLogEvent(LoggerConfig.java:643)
acs.local  |    at org.apache.logging.log4j.core.config.LoggerConfig.log(LoggerConfig.java:624)
acs.local  |    at org.apache.logging.log4j.core.config.LoggerConfig.log(LoggerConfig.java:560)
acs.local  |    at org.apache.logging.log4j.core.config.AwaitCompletionReliabilityStrategy.log(AwaitCompletionReliabilityStrategy.java:82)
acs.local  |    at org.apache.logging.log4j.core.Logger.log(Logger.java:162)
acs.local  |    at org.apache.logging.log4j.spi.AbstractLogger.tryLogMessage(AbstractLogger.java:2205)
acs.local  |    at org.apache.logging.log4j.spi.AbstractLogger.logMessageTrackRecursion(AbstractLogger.java:2159)
acs.local  |    at org.apache.logging.log4j.spi.AbstractLogger.logMessageSafely(AbstractLogger.java:2142)
acs.local  |    at org.apache.logging.log4j.spi.AbstractLogger.logMessage(AbstractLogger.java:2017)
acs.local  |    at org.apache.logging.log4j.spi.AbstractLogger.logIfEnabled(AbstractLogger.java:1983)
acs.local  |    at org.apache.logging.log4j.spi.AbstractLogger.warn(AbstractLogger.java:2661)
acs.local  |    at com.cloud.upgrade.GuestOsMapper.getGuestOsId(GuestOsMapper.java:148)
acs.local  |    at com.cloud.upgrade.GuestOsMapper.addGuestOsAndHypervisorMappings(GuestOsMapper.java:165)
acs.local  |    at com.cloud.upgrade.dao.Upgrade41720to41800.updateGuestOsMappings(Upgrade41720to41800.java:257)
acs.local  |    at com.cloud.upgrade.dao.Upgrade41720to41800.performDataMigration(Upgrade41720to41800.java:80)
acs.local  |    at com.cloud.upgrade.DatabaseUpgradeChecker.executeUpgrade(DatabaseUpgradeChecker.java:367)
acs.local  |    at com.cloud.upgrade.DatabaseUpgradeChecker.executeUpgrades(DatabaseUpgradeChecker.java:339)
acs.local  |    at com.cloud.upgrade.DatabaseUpgradeChecker.upgrade(DatabaseUpgradeChecker.java:305)
acs.local  |    at com.cloud.upgrade.DatabaseUpgradeChecker.check(DatabaseUpgradeChecker.java:478)
acs.local  |    at org.apache.cloudstack.spring.lifecycle.CloudStackExtendedLifeCycle.checkIntegrity(CloudStackExtendedLifeCycle.java:62)
acs.local  |    at org.apache.cloudstack.spring.lifecycle.CloudStackExtendedLifeCycle.start(CloudStackExtendedLifeCycle.java:52)
acs.local  |    at org.springframework.context.support.DefaultLifecycleProcessor.doStart(DefaultLifecycleProcessor.java:178)
acs.local  |    at org.springframework.context.support.DefaultLifecycleProcessor.access$200(DefaultLifecycleProcessor.java:54)
acs.local  |    at org.springframework.context.support.DefaultLifecycleProcessor$LifecycleGroup.start(DefaultLifecycleProcessor.java:356)
acs.local  |    at java.base/java.lang.Iterable.forEach(Iterable.java:75)
acs.local  |    at org.springframework.context.support.DefaultLifecycleProcessor.startBeans(DefaultLifecycleProcessor.java:155)
acs.local  |    at org.springframework.context.support.DefaultLifecycleProcessor.onRefresh(DefaultLifecycleProcessor.java:123)
acs.local  |    at org.springframework.context.support.AbstractApplicationContext.finishRefresh(AbstractApplicationContext.java:937)
acs.local  |    at org.springframework.context.support.AbstractApplicationContext.refresh(AbstractApplicationContext.java:586)
acs.local  |    at org.apache.cloudstack.spring.module.model.impl.DefaultModuleDefinitionSet.loadContext(DefaultModuleDefinitionSet.java:174)
acs.local  |    at org.apache.cloudstack.spring.module.model.impl.DefaultModuleDefinitionSet$2.with(DefaultModuleDefinitionSet.java:143)
acs.local  |    at org.apache.cloudstack.spring.module.model.impl.DefaultModuleDefinitionSet.withModule(DefaultModuleDefinitionSet.java:274)
acs.local  |    at org.apache.cloudstack.spring.module.model.impl.DefaultModuleDefinitionSet.withModule(DefaultModuleDefinitionSet.java:279)
acs.local  |    at org.apache.cloudstack.spring.module.model.impl.DefaultModuleDefinitionSet.withModule(DefaultModuleDefinitionSet.java:262)
acs.local  |    at org.apache.cloudstack.spring.module.model.impl.DefaultModuleDefinitionSet.loadContexts(DefaultModuleDefinitionSet.java:131)
acs.local  |    at org.apache.cloudstack.spring.module.model.impl.DefaultModuleDefinitionSet.load(DefaultModuleDefinitionSet.java:79)
acs.local  |    at org.apache.cloudstack.spring.module.factory.ModuleBasedContextFactory.loadModules(ModuleBasedContextFactory.java:37)
acs.local  |    at org.apache.cloudstack.spring.module.factory.CloudStackSpringContext.init(CloudStackSpringContext.java:71)
acs.local  |    at org.apache.cloudstack.spring.module.factory.CloudStackSpringContext.<init>(CloudStackSpringContext.java:58)
acs.local  |    at org.apache.cloudstack.spring.module.factory.CloudStackSpringContext.<init>(CloudStackSpringContext.java:62)
acs.local  |    at org.apache.cloudstack.spring.module.web.CloudStackContextLoaderListener.contextInitialized(CloudStackContextLoaderListener.java:53)
acs.local  |    at org.eclipse.jetty.server.handler.ContextHandler.callContextInitialized(ContextHandler.java:1073)
acs.local  |    at org.eclipse.jetty.servlet.ServletContextHandler.callContextInitialized(ServletContextHandler.java:572)
acs.local  |    at org.eclipse.jetty.server.handler.ContextHandler.contextInitialized(ContextHandler.java:1002)
acs.local  |    at org.eclipse.jetty.servlet.ServletHandler.initialize(ServletHandler.java:765)
acs.local  |    at org.eclipse.jetty.servlet.ServletContextHandler.startContext(ServletContextHandler.java:379)
acs.local  |    at org.eclipse.jetty.webapp.WebAppContext.startWebapp(WebAppContext.java:1449)
acs.local  |    at org.eclipse.jetty.webapp.WebAppContext.startContext(WebAppContext.java:1414)
acs.local  |    at org.eclipse.jetty.server.handler.ContextHandler.doStart(ContextHandler.java:916)
acs.local  |    at org.eclipse.jetty.servlet.ServletContextHandler.doStart(ServletContextHandler.java:288)
acs.local  |    at org.eclipse.jetty.webapp.WebAppContext.doStart(WebAppContext.java:524)
acs.local  |    at org.eclipse.jetty.util.component.AbstractLifeCycle.start(AbstractLifeCycle.java:73)
acs.local  |    at org.eclipse.jetty.util.component.ContainerLifeCycle.start(ContainerLifeCycle.java:169)
acs.local  |    at org.eclipse.jetty.util.component.ContainerLifeCycle.doStart(ContainerLifeCycle.java:110)
acs.local  |    at org.eclipse.jetty.server.handler.AbstractHandler.doStart(AbstractHandler.java:97)
acs.local  |    at org.eclipse.jetty.server.handler.gzip.GzipHandler.doStart(GzipHandler.java:426)
acs.local  |    at org.eclipse.jetty.util.component.AbstractLifeCycle.start(AbstractLifeCycle.java:73)
acs.local  |    at org.eclipse.jetty.util.component.ContainerLifeCycle.start(ContainerLifeCycle.java:169)
acs.local  |    at org.eclipse.jetty.util.component.ContainerLifeCycle.doStart(ContainerLifeCycle.java:117)
acs.local  |    at org.eclipse.jetty.server.handler.AbstractHandler.doStart(AbstractHandler.java:97)
acs.local  |    at org.eclipse.jetty.util.component.AbstractLifeCycle.start(AbstractLifeCycle.java:73)
acs.local  |    at org.eclipse.jetty.util.component.ContainerLifeCycle.start(ContainerLifeCycle.java:169)
acs.local  |    at org.eclipse.jetty.server.Server.start(Server.java:423)
acs.local  |    at org.eclipse.jetty.util.component.ContainerLifeCycle.doStart(ContainerLifeCycle.java:110)
acs.local  |    at org.eclipse.jetty.server.handler.AbstractHandler.doStart(AbstractHandler.java:97)
acs.local  |    at org.eclipse.jetty.server.Server.doStart(Server.java:387)
acs.local  |    at org.eclipse.jetty.util.component.AbstractLifeCycle.start(AbstractLifeCycle.java:73)
acs.local  |    at org.apache.cloudstack.ServerDaemon.start(ServerDaemon.java:204)
acs.local  |    at org.apache.cloudstack.ServerDaemon.main(ServerDaemon.java:115)
acs.local  | 
acs.local  | 2026-01-29 13:40:12,425 main ERROR Unable to write to stream TCP:localhost:4560 for appender SYSLOG org.apache.logging.log4j.core.appender.AppenderLoggingException: Error writing to TCP:localhost:4560: socket not available
acs.local  |    at org.apache.logging.log4j.core.net.TcpSocketManager.write(TcpSocketManager.java:214)
acs.local  |    at org.apache.logging.log4j.core.appender.OutputStreamManager.write(OutputStreamManager.java:190)
acs.local  |    at org.apache.logging.log4j.core.appender.AbstractOutputStreamAppender.writeByteArrayToManager(AbstractOutputStreamAppender.java:224)
acs.local  |    at org.apache.logging.log4j.core.appender.SocketAppender.directEncodeEvent(SocketAppender.java:513)
acs.local  |    at org.apache.logging.log4j.core.appender.AbstractOutputStreamAppender.tryAppend(AbstractOutputStreamAppender.java:208)
acs.local  |    at org.apache.logging.log4j.core.appender.AbstractOutputStreamAppender.append(AbstractOutputStreamAppender.java:199)
acs.local  |    at org.apache.logging.log4j.core.config.AppenderControl.tryCallAppender(AppenderControl.java:161)
acs.local  |    at org.apache.logging.log4j.core.config.AppenderControl.callAppender0(AppenderControl.java:134)
acs.local  |    at org.apache.logging.log4j.core.config.AppenderControl.callAppenderPreventRecursion(AppenderControl.java:125)
acs.local  |    at org.apache.logging.log4j.core.config.AppenderControl.callAppender(AppenderControl.java:89)
acs.local  |    at org.apache.logging.log4j.core.config.LoggerConfig.callAppenders(LoggerConfig.java:683)
acs.local  |    at org.apache.logging.log4j.core.config.LoggerConfig.processLogEvent(LoggerConfig.java:641)
acs.local  |    at org.apache.logging.log4j.core.config.LoggerConfig.log(LoggerConfig.java:624)
acs.local  |    at org.apache.logging.log4j.core.config.LoggerConfig.logParent(LoggerConfig.java:674)
acs.local  |    at org.apache.logging.log4j.core.config.LoggerConfig.processLogEvent(LoggerConfig.java:643)
acs.local  |    at org.apache.logging.log4j.core.config.LoggerConfig.log(LoggerConfig.java:624)
acs.local  |    at org.apache.logging.log4j.core.config.LoggerConfig.log(LoggerConfig.java:560)
acs.local  |    at org.apache.logging.log4j.core.config.AwaitCompletionReliabilityStrategy.log(AwaitCompletionReliabilityStrategy.java:82)
acs.local  |    at org.apache.logging.log4j.core.Logger.log(Logger.java:162)
acs.local  |    at org.apache.logging.log4j.spi.AbstractLogger.tryLogMessage(AbstractLogger.java:2205)
acs.local  |    at org.apache.logging.log4j.spi.AbstractLogger.logMessageTrackRecursion(AbstractLogger.java:2159)
acs.local  |    at org.apache.logging.log4j.spi.AbstractLogger.logMessageSafely(AbstractLogger.java:2142)
acs.local  |    at org.apache.logging.log4j.spi.AbstractLogger.logMessage(AbstractLogger.java:2017)
acs.local  |    at org.apache.logging.log4j.spi.AbstractLogger.logIfEnabled(AbstractLogger.java:1983)
acs.local  |    at org.apache.logging.log4j.spi.AbstractLogger.warn(AbstractLogger.java:2661)
acs.local  |    at com.cloud.alert.AlertManagerImpl.sendAlert(AlertManagerImpl.java:775)
acs.local  |    at com.cloud.alert.AlertManagerImpl.sendAlert(AlertManagerImpl.java:767)
acs.local  |    at com.cloud.alert.AlertManagerImpl.sendAlert(AlertManagerImpl.java:274)
acs.local  |    at java.base/jdk.internal.reflect.NativeMethodAccessorImpl.invoke0(Native Method)
acs.local  |    at java.base/jdk.internal.reflect.NativeMethodAccessorImpl.invoke(NativeMethodAccessorImpl.java:77)
acs.local  |    at java.base/jdk.internal.reflect.DelegatingMethodAccessorImpl.invoke(DelegatingMethodAccessorImpl.java:43)
acs.local  |    at java.base/java.lang.reflect.Method.invoke(Method.java:569)
acs.local  |    at org.springframework.aop.support.AopUtils.invokeJoinpointUsingReflection(AopUtils.java:344)
acs.local  |    at org.springframework.aop.framework.ReflectiveMethodInvocation.invokeJoinpoint(ReflectiveMethodInvocation.java:198)
acs.local  |    at org.springframework.aop.framework.ReflectiveMethodInvocation.proceed(ReflectiveMethodInvocation.java:163)
acs.local  |    at org.springframework.aop.interceptor.ExposeInvocationInterceptor.invoke(ExposeInvocationInterceptor.java:97)
acs.local  |    at org.springframework.aop.framework.ReflectiveMethodInvocation.proceed(ReflectiveMethodInvocation.java:186)
acs.local  |    at org.springframework.aop.framework.JdkDynamicAopProxy.invoke(JdkDynamicAopProxy.java:215)
acs.local  |    at jdk.proxy3/jdk.proxy3.$Proxy145.sendAlert(Unknown Source)
acs.local  |    at com.cloud.configuration.ConfigurationManagerImpl.start(ConfigurationManagerImpl.java:688)
acs.local  |    at org.apache.cloudstack.spring.lifecycle.CloudStackExtendedLifeCycle$1.with(CloudStackExtendedLifeCycle.java:74)
acs.local  |    at org.apache.cloudstack.spring.lifecycle.CloudStackExtendedLifeCycle.with(CloudStackExtendedLifeCycle.java:163)
acs.local  |    at org.apache.cloudstack.spring.lifecycle.CloudStackExtendedLifeCycle.startBeans(CloudStackExtendedLifeCycle.java:69)
acs.local  |    at org.apache.cloudstack.spring.lifecycle.CloudStackExtendedLifeCycleStart.run(CloudStackExtendedLifeCycleStart.java:46)
acs.local  |    at org.apache.cloudstack.spring.module.model.impl.DefaultModuleDefinitionSet$1.with(DefaultModuleDefinitionSet.java:110)
acs.local  |    at org.apache.cloudstack.spring.module.model.impl.DefaultModuleDefinitionSet.withModule(DefaultModuleDefinitionSet.java:274)
acs.local  |    at org.apache.cloudstack.spring.module.model.impl.DefaultModuleDefinitionSet.withModule(DefaultModuleDefinitionSet.java:279)
acs.local  |    at org.apache.cloudstack.spring.module.model.impl.DefaultModuleDefinitionSet.withModule(DefaultModuleDefinitionSet.java:279)
acs.local  |    at org.apache.cloudstack.spring.module.model.impl.DefaultModuleDefinitionSet.withModule(DefaultModuleDefinitionSet.java:262)
acs.local  |    at org.apache.cloudstack.spring.module.model.impl.DefaultModuleDefinitionSet.startContexts(DefaultModuleDefinitionSet.java:97)
acs.local  |    at org.apache.cloudstack.spring.module.model.impl.DefaultModuleDefinitionSet.load(DefaultModuleDefinitionSet.java:80)
acs.local  |    at org.apache.cloudstack.spring.module.factory.ModuleBasedContextFactory.loadModules(ModuleBasedContextFactory.java:37)
acs.local  |    at org.apache.cloudstack.spring.module.factory.CloudStackSpringContext.init(CloudStackSpringContext.java:71)
acs.local  |    at org.apache.cloudstack.spring.module.factory.CloudStackSpringContext.<init>(CloudStackSpringContext.java:58)
acs.local  |    at org.apache.cloudstack.spring.module.factory.CloudStackSpringContext.<init>(CloudStackSpringContext.java:62)
acs.local  |    at org.apache.cloudstack.spring.module.web.CloudStackContextLoaderListener.contextInitialized(CloudStackContextLoaderListener.java:53)
acs.local  |    at org.eclipse.jetty.server.handler.ContextHandler.callContextInitialized(ContextHandler.java:1073)
acs.local  |    at org.eclipse.jetty.servlet.ServletContextHandler.callContextInitialized(ServletContextHandler.java:572)
acs.local  |    at org.eclipse.jetty.server.handler.ContextHandler.contextInitialized(ContextHandler.java:1002)
acs.local  |    at org.eclipse.jetty.servlet.ServletHandler.initialize(ServletHandler.java:765)
acs.local  |    at org.eclipse.jetty.servlet.ServletContextHandler.startContext(ServletContextHandler.java:379)
acs.local  |    at org.eclipse.jetty.webapp.WebAppContext.startWebapp(WebAppContext.java:1449)
acs.local  |    at org.eclipse.jetty.webapp.WebAppContext.startContext(WebAppContext.java:1414)
acs.local  |    at org.eclipse.jetty.server.handler.ContextHandler.doStart(ContextHandler.java:916)
acs.local  |    at org.eclipse.jetty.servlet.ServletContextHandler.doStart(ServletContextHandler.java:288)
acs.local  |    at org.eclipse.jetty.webapp.WebAppContext.doStart(WebAppContext.java:524)
acs.local  |    at org.eclipse.jetty.util.component.AbstractLifeCycle.start(AbstractLifeCycle.java:73)
acs.local  |    at org.eclipse.jetty.util.component.ContainerLifeCycle.start(ContainerLifeCycle.java:169)
acs.local  |    at org.eclipse.jetty.util.component.ContainerLifeCycle.doStart(ContainerLifeCycle.java:110)
acs.local  |    at org.eclipse.jetty.server.handler.AbstractHandler.doStart(AbstractHandler.java:97)
acs.local  |    at org.eclipse.jetty.server.handler.gzip.GzipHandler.doStart(GzipHandler.java:426)
acs.local  |    at org.eclipse.jetty.util.component.AbstractLifeCycle.start(AbstractLifeCycle.java:73)
acs.local  |    at org.eclipse.jetty.util.component.ContainerLifeCycle.start(ContainerLifeCycle.java:169)
acs.local  |    at org.eclipse.jetty.util.component.ContainerLifeCycle.doStart(ContainerLifeCycle.java:117)
acs.local  |    at org.eclipse.jetty.server.handler.AbstractHandler.doStart(AbstractHandler.java:97)
acs.local  |    at org.eclipse.jetty.util.component.AbstractLifeCycle.start(AbstractLifeCycle.java:73)
acs.local  |    at org.eclipse.jetty.util.component.ContainerLifeCycle.start(ContainerLifeCycle.java:169)
acs.local  |    at org.eclipse.jetty.server.Server.start(Server.java:423)
acs.local  |    at org.eclipse.jetty.util.component.ContainerLifeCycle.doStart(ContainerLifeCycle.java:110)
acs.local  |    at org.eclipse.jetty.server.handler.AbstractHandler.doStart(AbstractHandler.java:97)
acs.local  |    at org.eclipse.jetty.server.Server.doStart(Server.java:387)
acs.local  |    at org.eclipse.jetty.util.component.AbstractLifeCycle.start(AbstractLifeCycle.java:73)
acs.local  |    at org.apache.cloudstack.ServerDaemon.start(ServerDaemon.java:204)
acs.local  |    at org.apache.cloudstack.ServerDaemon.main(ServerDaemon.java:115)
acs.local  | 
acs.local  | 2026-01-29 13:40:12,426 main ERROR An exception occurred processing Appender SYSLOG org.apache.logging.log4j.core.appender.AppenderLoggingException: Error writing to TCP:localhost:4560: socket not available
acs.local  |    at org.apache.logging.log4j.core.net.TcpSocketManager.write(TcpSocketManager.java:214)
acs.local  |    at org.apache.logging.log4j.core.appender.OutputStreamManager.write(OutputStreamManager.java:190)
acs.local  |    at org.apache.logging.log4j.core.appender.AbstractOutputStreamAppender.writeByteArrayToManager(AbstractOutputStreamAppender.java:224)
acs.local  |    at org.apache.logging.log4j.core.appender.SocketAppender.directEncodeEvent(SocketAppender.java:513)
acs.local  |    at org.apache.logging.log4j.core.appender.AbstractOutputStreamAppender.tryAppend(AbstractOutputStreamAppender.java:208)
acs.local  |    at org.apache.logging.log4j.core.appender.AbstractOutputStreamAppender.append(AbstractOutputStreamAppender.java:199)
acs.local  |    at org.apache.logging.log4j.core.config.AppenderControl.tryCallAppender(AppenderControl.java:161)
acs.local  |    at org.apache.logging.log4j.core.config.AppenderControl.callAppender0(AppenderControl.java:134)
acs.local  |    at org.apache.logging.log4j.core.config.AppenderControl.callAppenderPreventRecursion(AppenderControl.java:125)
acs.local  |    at org.apache.logging.log4j.core.config.AppenderControl.callAppender(AppenderControl.java:89)
acs.local  |    at org.apache.logging.log4j.core.config.LoggerConfig.callAppenders(LoggerConfig.java:683)
acs.local  |    at org.apache.logging.log4j.core.config.LoggerConfig.processLogEvent(LoggerConfig.java:641)
acs.local  |    at org.apache.logging.log4j.core.config.LoggerConfig.log(LoggerConfig.java:624)
acs.local  |    at org.apache.logging.log4j.core.config.LoggerConfig.logParent(LoggerConfig.java:674)
acs.local  |    at org.apache.logging.log4j.core.config.LoggerConfig.processLogEvent(LoggerConfig.java:643)
acs.local  |    at org.apache.logging.log4j.core.config.LoggerConfig.log(LoggerConfig.java:624)
acs.local  |    at org.apache.logging.log4j.core.config.LoggerConfig.log(LoggerConfig.java:560)
acs.local  |    at org.apache.logging.log4j.core.config.AwaitCompletionReliabilityStrategy.log(AwaitCompletionReliabilityStrategy.java:82)
acs.local  |    at org.apache.logging.log4j.core.Logger.log(Logger.java:162)
acs.local  |    at org.apache.logging.log4j.spi.AbstractLogger.tryLogMessage(AbstractLogger.java:2205)
acs.local  |    at org.apache.logging.log4j.spi.AbstractLogger.logMessageTrackRecursion(AbstractLogger.java:2159)
acs.local  |    at org.apache.logging.log4j.spi.AbstractLogger.logMessageSafely(AbstractLogger.java:2142)
acs.local  |    at org.apache.logging.log4j.spi.AbstractLogger.logMessage(AbstractLogger.java:2017)
acs.local  |    at org.apache.logging.log4j.spi.AbstractLogger.logIfEnabled(AbstractLogger.java:1983)
acs.local  |    at org.apache.logging.log4j.spi.AbstractLogger.warn(AbstractLogger.java:2661)
acs.local  |    at com.cloud.alert.AlertManagerImpl.sendAlert(AlertManagerImpl.java:775)
acs.local  |    at com.cloud.alert.AlertManagerImpl.sendAlert(AlertManagerImpl.java:767)
acs.local  |    at com.cloud.alert.AlertManagerImpl.sendAlert(AlertManagerImpl.java:274)
acs.local  |    at java.base/jdk.internal.reflect.NativeMethodAccessorImpl.invoke0(Native Method)
acs.local  |    at java.base/jdk.internal.reflect.NativeMethodAccessorImpl.invoke(NativeMethodAccessorImpl.java:77)
acs.local  |    at java.base/jdk.internal.reflect.DelegatingMethodAccessorImpl.invoke(DelegatingMethodAccessorImpl.java:43)
acs.local  |    at java.base/java.lang.reflect.Method.invoke(Method.java:569)
acs.local  |    at org.springframework.aop.support.AopUtils.invokeJoinpointUsingReflection(AopUtils.java:344)
acs.local  |    at org.springframework.aop.framework.ReflectiveMethodInvocation.invokeJoinpoint(ReflectiveMethodInvocation.java:198)
acs.local  |    at org.springframework.aop.framework.ReflectiveMethodInvocation.proceed(ReflectiveMethodInvocation.java:163)
acs.local  |    at org.springframework.aop.interceptor.ExposeInvocationInterceptor.invoke(ExposeInvocationInterceptor.java:97)
acs.local  |    at org.springframework.aop.framework.ReflectiveMethodInvocation.proceed(ReflectiveMethodInvocation.java:186)
acs.local  |    at org.springframework.aop.framework.JdkDynamicAopProxy.invoke(JdkDynamicAopProxy.java:215)
acs.local  |    at jdk.proxy3/jdk.proxy3.$Proxy145.sendAlert(Unknown Source)
acs.local  |    at com.cloud.configuration.ConfigurationManagerImpl.start(ConfigurationManagerImpl.java:688)
acs.local  |    at org.apache.cloudstack.spring.lifecycle.CloudStackExtendedLifeCycle$1.with(CloudStackExtendedLifeCycle.java:74)
acs.local  |    at org.apache.cloudstack.spring.lifecycle.CloudStackExtendedLifeCycle.with(CloudStackExtendedLifeCycle.java:163)
acs.local  |    at org.apache.cloudstack.spring.lifecycle.CloudStackExtendedLifeCycle.startBeans(CloudStackExtendedLifeCycle.java:69)
acs.local  |    at org.apache.cloudstack.spring.lifecycle.CloudStackExtendedLifeCycleStart.run(CloudStackExtendedLifeCycleStart.java:46)
acs.local  |    at org.apache.cloudstack.spring.module.model.impl.DefaultModuleDefinitionSet$1.with(DefaultModuleDefinitionSet.java:110)
acs.local  |    at org.apache.cloudstack.spring.module.model.impl.DefaultModuleDefinitionSet.withModule(DefaultModuleDefinitionSet.java:274)
acs.local  |    at org.apache.cloudstack.spring.module.model.impl.DefaultModuleDefinitionSet.withModule(DefaultModuleDefinitionSet.java:279)
acs.local  |    at org.apache.cloudstack.spring.module.model.impl.DefaultModuleDefinitionSet.withModule(DefaultModuleDefinitionSet.java:279)
acs.local  |    at org.apache.cloudstack.spring.module.model.impl.DefaultModuleDefinitionSet.withModule(DefaultModuleDefinitionSet.java:262)
acs.local  |    at org.apache.cloudstack.spring.module.model.impl.DefaultModuleDefinitionSet.startContexts(DefaultModuleDefinitionSet.java:97)
acs.local  |    at org.apache.cloudstack.spring.module.model.impl.DefaultModuleDefinitionSet.load(DefaultModuleDefinitionSet.java:80)
acs.local  |    at org.apache.cloudstack.spring.module.factory.ModuleBasedContextFactory.loadModules(ModuleBasedContextFactory.java:37)
acs.local  |    at org.apache.cloudstack.spring.module.factory.CloudStackSpringContext.init(CloudStackSpringContext.java:71)
acs.local  |    at org.apache.cloudstack.spring.module.factory.CloudStackSpringContext.<init>(CloudStackSpringContext.java:58)
acs.local  |    at org.apache.cloudstack.spring.module.factory.CloudStackSpringContext.<init>(CloudStackSpringContext.java:62)
acs.local  |    at org.apache.cloudstack.spring.module.web.CloudStackContextLoaderListener.contextInitialized(CloudStackContextLoaderListener.java:53)
acs.local  |    at org.eclipse.jetty.server.handler.ContextHandler.callContextInitialized(ContextHandler.java:1073)
acs.local  |    at org.eclipse.jetty.servlet.ServletContextHandler.callContextInitialized(ServletContextHandler.java:572)
acs.local  |    at org.eclipse.jetty.server.handler.ContextHandler.contextInitialized(ContextHandler.java:1002)
acs.local  |    at org.eclipse.jetty.servlet.ServletHandler.initialize(ServletHandler.java:765)
acs.local  |    at org.eclipse.jetty.servlet.ServletContextHandler.startContext(ServletContextHandler.java:379)
acs.local  |    at org.eclipse.jetty.webapp.WebAppContext.startWebapp(WebAppContext.java:1449)
acs.local  |    at org.eclipse.jetty.webapp.WebAppContext.startContext(WebAppContext.java:1414)
acs.local  |    at org.eclipse.jetty.server.handler.ContextHandler.doStart(ContextHandler.java:916)
acs.local  |    at org.eclipse.jetty.servlet.ServletContextHandler.doStart(ServletContextHandler.java:288)
acs.local  |    at org.eclipse.jetty.webapp.WebAppContext.doStart(WebAppContext.java:524)
acs.local  |    at org.eclipse.jetty.util.component.AbstractLifeCycle.start(AbstractLifeCycle.java:73)
acs.local  |    at org.eclipse.jetty.util.component.ContainerLifeCycle.start(ContainerLifeCycle.java:169)
acs.local  |    at org.eclipse.jetty.util.component.ContainerLifeCycle.doStart(ContainerLifeCycle.java:110)
acs.local  |    at org.eclipse.jetty.server.handler.AbstractHandler.doStart(AbstractHandler.java:97)
acs.local  |    at org.eclipse.jetty.server.handler.gzip.GzipHandler.doStart(GzipHandler.java:426)
acs.local  |    at org.eclipse.jetty.util.component.AbstractLifeCycle.start(AbstractLifeCycle.java:73)
acs.local  |    at org.eclipse.jetty.util.component.ContainerLifeCycle.start(ContainerLifeCycle.java:169)
acs.local  |    at org.eclipse.jetty.util.component.ContainerLifeCycle.doStart(ContainerLifeCycle.java:117)
acs.local  |    at org.eclipse.jetty.server.handler.AbstractHandler.doStart(AbstractHandler.java:97)
acs.local  |    at org.eclipse.jetty.util.component.AbstractLifeCycle.start(AbstractLifeCycle.java:73)
acs.local  |    at org.eclipse.jetty.util.component.ContainerLifeCycle.start(ContainerLifeCycle.java:169)
acs.local  |    at org.eclipse.jetty.server.Server.start(Server.java:423)
acs.local  |    at org.eclipse.jetty.util.component.ContainerLifeCycle.doStart(ContainerLifeCycle.java:110)
acs.local  |    at org.eclipse.jetty.server.handler.AbstractHandler.doStart(AbstractHandler.java:97)
acs.local  |    at org.eclipse.jetty.server.Server.doStart(Server.java:387)
acs.local  |    at org.eclipse.jetty.util.component.AbstractLifeCycle.start(AbstractLifeCycle.java:73)
acs.local  |    at org.apache.cloudstack.ServerDaemon.start(ServerDaemon.java:204)
acs.local  |    at org.apache.cloudstack.ServerDaemon.main(ServerDaemon.java:115)
acs.local  | 
acs.local  | 2026-01-29 13:40:12,433 main ERROR Unable to write to stream TCP:localhost:4560 for appender SYSLOG org.apache.logging.log4j.core.appender.AppenderLoggingException: Error writing to TCP:localhost:4560: socket not available
acs.local  |    at org.apache.logging.log4j.core.net.TcpSocketManager.write(TcpSocketManager.java:214)
acs.local  |    at org.apache.logging.log4j.core.appender.OutputStreamManager.write(OutputStreamManager.java:190)
acs.local  |    at org.apache.logging.log4j.core.appender.AbstractOutputStreamAppender.writeByteArrayToManager(AbstractOutputStreamAppender.java:224)
acs.local  |    at org.apache.logging.log4j.core.appender.SocketAppender.directEncodeEvent(SocketAppender.java:513)
acs.local  |    at org.apache.logging.log4j.core.appender.AbstractOutputStreamAppender.tryAppend(AbstractOutputStreamAppender.java:208)
acs.local  |    at org.apache.logging.log4j.core.appender.AbstractOutputStreamAppender.append(AbstractOutputStreamAppender.java:199)
acs.local  |    at org.apache.logging.log4j.core.config.AppenderControl.tryCallAppender(AppenderControl.java:161)
acs.local  |    at org.apache.logging.log4j.core.config.AppenderControl.callAppender0(AppenderControl.java:134)
acs.local  |    at org.apache.logging.log4j.core.config.AppenderControl.callAppenderPreventRecursion(AppenderControl.java:125)
acs.local  |    at org.apache.logging.log4j.core.config.AppenderControl.callAppender(AppenderControl.java:89)
acs.local  |    at org.apache.logging.log4j.core.config.LoggerConfig.callAppenders(LoggerConfig.java:683)
acs.local  |    at org.apache.logging.log4j.core.config.LoggerConfig.processLogEvent(LoggerConfig.java:641)
acs.local  |    at org.apache.logging.log4j.core.config.LoggerConfig.log(LoggerConfig.java:624)
acs.local  |    at org.apache.logging.log4j.core.config.LoggerConfig.logParent(LoggerConfig.java:674)
acs.local  |    at org.apache.logging.log4j.core.config.LoggerConfig.processLogEvent(LoggerConfig.java:643)
acs.local  |    at org.apache.logging.log4j.core.config.LoggerConfig.log(LoggerConfig.java:624)
acs.local  |    at org.apache.logging.log4j.core.config.LoggerConfig.log(LoggerConfig.java:560)
acs.local  |    at org.apache.logging.log4j.core.config.AwaitCompletionReliabilityStrategy.log(AwaitCompletionReliabilityStrategy.java:82)
acs.local  |    at org.apache.logging.log4j.core.Logger.log(Logger.java:162)
acs.local  |    at org.apache.logging.log4j.spi.AbstractLogger.tryLogMessage(AbstractLogger.java:2205)
acs.local  |    at org.apache.logging.log4j.spi.AbstractLogger.logMessageTrackRecursion(AbstractLogger.java:2159)
acs.local  |    at org.apache.logging.log4j.spi.AbstractLogger.logMessageSafely(AbstractLogger.java:2142)
acs.local  |    at org.apache.logging.log4j.spi.AbstractLogger.logMessage(AbstractLogger.java:2017)
acs.local  |    at org.apache.logging.log4j.spi.AbstractLogger.logIfEnabled(AbstractLogger.java:1983)
acs.local  |    at org.apache.logging.log4j.spi.AbstractLogger.warn(AbstractLogger.java:2661)
acs.local  |    at com.cloud.alert.AlertManagerImpl.sendAlert(AlertManagerImpl.java:796)
acs.local  |    at com.cloud.alert.AlertManagerImpl.sendAlert(AlertManagerImpl.java:767)
acs.local  |    at com.cloud.alert.AlertManagerImpl.sendAlert(AlertManagerImpl.java:274)
acs.local  |    at java.base/jdk.internal.reflect.NativeMethodAccessorImpl.invoke0(Native Method)
acs.local  |    at java.base/jdk.internal.reflect.NativeMethodAccessorImpl.invoke(NativeMethodAccessorImpl.java:77)
acs.local  |    at java.base/jdk.internal.reflect.DelegatingMethodAccessorImpl.invoke(DelegatingMethodAccessorImpl.java:43)
acs.local  |    at java.base/java.lang.reflect.Method.invoke(Method.java:569)
acs.local  |    at org.springframework.aop.support.AopUtils.invokeJoinpointUsingReflection(AopUtils.java:344)
acs.local  |    at org.springframework.aop.framework.ReflectiveMethodInvocation.invokeJoinpoint(ReflectiveMethodInvocation.java:198)
acs.local  |    at org.springframework.aop.framework.ReflectiveMethodInvocation.proceed(ReflectiveMethodInvocation.java:163)
acs.local  |    at org.springframework.aop.interceptor.ExposeInvocationInterceptor.invoke(ExposeInvocationInterceptor.java:97)
acs.local  |    at org.springframework.aop.framework.ReflectiveMethodInvocation.proceed(ReflectiveMethodInvocation.java:186)
acs.local  |    at org.springframework.aop.framework.JdkDynamicAopProxy.invoke(JdkDynamicAopProxy.java:215)
acs.local  |    at jdk.proxy3/jdk.proxy3.$Proxy145.sendAlert(Unknown Source)
acs.local  |    at com.cloud.configuration.ConfigurationManagerImpl.start(ConfigurationManagerImpl.java:688)
acs.local  |    at org.apache.cloudstack.spring.lifecycle.CloudStackExtendedLifeCycle$1.with(CloudStackExtendedLifeCycle.java:74)
acs.local  |    at org.apache.cloudstack.spring.lifecycle.CloudStackExtendedLifeCycle.with(CloudStackExtendedLifeCycle.java:163)
acs.local  |    at org.apache.cloudstack.spring.lifecycle.CloudStackExtendedLifeCycle.startBeans(CloudStackExtendedLifeCycle.java:69)
acs.local  |    at org.apache.cloudstack.spring.lifecycle.CloudStackExtendedLifeCycleStart.run(CloudStackExtendedLifeCycleStart.java:46)
acs.local  |    at org.apache.cloudstack.spring.module.model.impl.DefaultModuleDefinitionSet$1.with(DefaultModuleDefinitionSet.java:110)
acs.local  |    at org.apache.cloudstack.spring.module.model.impl.DefaultModuleDefinitionSet.withModule(DefaultModuleDefinitionSet.java:274)
acs.local  |    at org.apache.cloudstack.spring.module.model.impl.DefaultModuleDefinitionSet.withModule(DefaultModuleDefinitionSet.java:279)
acs.local  |    at org.apache.cloudstack.spring.module.model.impl.DefaultModuleDefinitionSet.withModule(DefaultModuleDefinitionSet.java:279)
acs.local  |    at org.apache.cloudstack.spring.module.model.impl.DefaultModuleDefinitionSet.withModule(DefaultModuleDefinitionSet.java:262)
acs.local  |    at org.apache.cloudstack.spring.module.model.impl.DefaultModuleDefinitionSet.startContexts(DefaultModuleDefinitionSet.java:97)
acs.local  |    at org.apache.cloudstack.spring.module.model.impl.DefaultModuleDefinitionSet.load(DefaultModuleDefinitionSet.java:80)
acs.local  |    at org.apache.cloudstack.spring.module.factory.ModuleBasedContextFactory.loadModules(ModuleBasedContextFactory.java:37)
acs.local  |    at org.apache.cloudstack.spring.module.factory.CloudStackSpringContext.init(CloudStackSpringContext.java:71)
acs.local  |    at org.apache.cloudstack.spring.module.factory.CloudStackSpringContext.<init>(CloudStackSpringContext.java:58)
acs.local  |    at org.apache.cloudstack.spring.module.factory.CloudStackSpringContext.<init>(CloudStackSpringContext.java:62)
acs.local  |    at org.apache.cloudstack.spring.module.web.CloudStackContextLoaderListener.contextInitialized(CloudStackContextLoaderListener.java:53)
acs.local  |    at org.eclipse.jetty.server.handler.ContextHandler.callContextInitialized(ContextHandler.java:1073)
acs.local  |    at org.eclipse.jetty.servlet.ServletContextHandler.callContextInitialized(ServletContextHandler.java:572)
acs.local  |    at org.eclipse.jetty.server.handler.ContextHandler.contextInitialized(ContextHandler.java:1002)
acs.local  |    at org.eclipse.jetty.servlet.ServletHandler.initialize(ServletHandler.java:765)
acs.local  |    at org.eclipse.jetty.servlet.ServletContextHandler.startContext(ServletContextHandler.java:379)
acs.local  |    at org.eclipse.jetty.webapp.WebAppContext.startWebapp(WebAppContext.java:1449)
acs.local  |    at org.eclipse.jetty.webapp.WebAppContext.startContext(WebAppContext.java:1414)
acs.local  |    at org.eclipse.jetty.server.handler.ContextHandler.doStart(ContextHandler.java:916)
acs.local  |    at org.eclipse.jetty.servlet.ServletContextHandler.doStart(ServletContextHandler.java:288)
acs.local  |    at org.eclipse.jetty.webapp.WebAppContext.doStart(WebAppContext.java:524)
acs.local  |    at org.eclipse.jetty.util.component.AbstractLifeCycle.start(AbstractLifeCycle.java:73)
acs.local  |    at org.eclipse.jetty.util.component.ContainerLifeCycle.start(ContainerLifeCycle.java:169)
acs.local  |    at org.eclipse.jetty.util.component.ContainerLifeCycle.doStart(ContainerLifeCycle.java:110)
acs.local  |    at org.eclipse.jetty.server.handler.AbstractHandler.doStart(AbstractHandler.java:97)
acs.local  |    at org.eclipse.jetty.server.handler.gzip.GzipHandler.doStart(GzipHandler.java:426)
acs.local  |    at org.eclipse.jetty.util.component.AbstractLifeCycle.start(AbstractLifeCycle.java:73)
acs.local  |    at org.eclipse.jetty.util.component.ContainerLifeCycle.start(ContainerLifeCycle.java:169)
acs.local  |    at org.eclipse.jetty.util.component.ContainerLifeCycle.doStart(ContainerLifeCycle.java:117)
acs.local  |    at org.eclipse.jetty.server.handler.AbstractHandler.doStart(AbstractHandler.java:97)
acs.local  |    at org.eclipse.jetty.util.component.AbstractLifeCycle.start(AbstractLifeCycle.java:73)
acs.local  |    at org.eclipse.jetty.util.component.ContainerLifeCycle.start(ContainerLifeCycle.java:169)
acs.local  |    at org.eclipse.jetty.server.Server.start(Server.java:423)
acs.local  |    at org.eclipse.jetty.util.component.ContainerLifeCycle.doStart(ContainerLifeCycle.java:110)
acs.local  |    at org.eclipse.jetty.server.handler.AbstractHandler.doStart(AbstractHandler.java:97)
acs.local  |    at org.eclipse.jetty.server.Server.doStart(Server.java:387)
acs.local  |    at org.eclipse.jetty.util.component.AbstractLifeCycle.start(AbstractLifeCycle.java:73)
acs.local  |    at org.apache.cloudstack.ServerDaemon.start(ServerDaemon.java:204)
acs.local  |    at org.apache.cloudstack.ServerDaemon.main(ServerDaemon.java:115)
acs.local  | 
acs.local  | 2026-01-29 13:40:12,437 main ERROR An exception occurred processing Appender SYSLOG org.apache.logging.log4j.core.appender.AppenderLoggingException: Error writing to TCP:localhost:4560: socket not available
acs.local  |    at org.apache.logging.log4j.core.net.TcpSocketManager.write(TcpSocketManager.java:214)
acs.local  |    at org.apache.logging.log4j.core.appender.OutputStreamManager.write(OutputStreamManager.java:190)
acs.local  |    at org.apache.logging.log4j.core.appender.AbstractOutputStreamAppender.writeByteArrayToManager(AbstractOutputStreamAppender.java:224)
acs.local  |    at org.apache.logging.log4j.core.appender.SocketAppender.directEncodeEvent(SocketAppender.java:513)
acs.local  |    at org.apache.logging.log4j.core.appender.AbstractOutputStreamAppender.tryAppend(AbstractOutputStreamAppender.java:208)
acs.local  |    at org.apache.logging.log4j.core.appender.AbstractOutputStreamAppender.append(AbstractOutputStreamAppender.java:199)
acs.local  |    at org.apache.logging.log4j.core.config.AppenderControl.tryCallAppender(AppenderControl.java:161)
acs.local  |    at org.apache.logging.log4j.core.config.AppenderControl.callAppender0(AppenderControl.java:134)
acs.local  |    at org.apache.logging.log4j.core.config.AppenderControl.callAppenderPreventRecursion(AppenderControl.java:125)
acs.local  |    at org.apache.logging.log4j.core.config.AppenderControl.callAppender(AppenderControl.java:89)
acs.local  |    at org.apache.logging.log4j.core.config.LoggerConfig.callAppenders(LoggerConfig.java:683)
acs.local  |    at org.apache.logging.log4j.core.config.LoggerConfig.processLogEvent(LoggerConfig.java:641)
acs.local  |    at org.apache.logging.log4j.core.config.LoggerConfig.log(LoggerConfig.java:624)
acs.local  |    at org.apache.logging.log4j.core.config.LoggerConfig.logParent(LoggerConfig.java:674)
acs.local  |    at org.apache.logging.log4j.core.config.LoggerConfig.processLogEvent(LoggerConfig.java:643)
acs.local  |    at org.apache.logging.log4j.core.config.LoggerConfig.log(LoggerConfig.java:624)
acs.local  |    at org.apache.logging.log4j.core.config.LoggerConfig.log(LoggerConfig.java:560)
acs.local  |    at org.apache.logging.log4j.core.config.AwaitCompletionReliabilityStrategy.log(AwaitCompletionReliabilityStrategy.java:82)
acs.local  |    at org.apache.logging.log4j.core.Logger.log(Logger.java:162)
acs.local  |    at org.apache.logging.log4j.spi.AbstractLogger.tryLogMessage(AbstractLogger.java:2205)
acs.local  |    at org.apache.logging.log4j.spi.AbstractLogger.logMessageTrackRecursion(AbstractLogger.java:2159)
acs.local  |    at org.apache.logging.log4j.spi.AbstractLogger.logMessageSafely(AbstractLogger.java:2142)
acs.local  |    at org.apache.logging.log4j.spi.AbstractLogger.logMessage(AbstractLogger.java:2017)
acs.local  |    at org.apache.logging.log4j.spi.AbstractLogger.logIfEnabled(AbstractLogger.java:1983)
acs.local  |    at org.apache.logging.log4j.spi.AbstractLogger.warn(AbstractLogger.java:2661)
acs.local  |    at com.cloud.alert.AlertManagerImpl.sendAlert(AlertManagerImpl.java:796)
acs.local  |    at com.cloud.alert.AlertManagerImpl.sendAlert(AlertManagerImpl.java:767)
acs.local  |    at com.cloud.alert.AlertManagerImpl.sendAlert(AlertManagerImpl.java:274)
acs.local  |    at java.base/jdk.internal.reflect.NativeMethodAccessorImpl.invoke0(Native Method)
acs.local  |    at java.base/jdk.internal.reflect.NativeMethodAccessorImpl.invoke(NativeMethodAccessorImpl.java:77)
acs.local  |    at java.base/jdk.internal.reflect.DelegatingMethodAccessorImpl.invoke(DelegatingMethodAccessorImpl.java:43)
acs.local  |    at java.base/java.lang.reflect.Method.invoke(Method.java:569)
acs.local  |    at org.springframework.aop.support.AopUtils.invokeJoinpointUsingReflection(AopUtils.java:344)
acs.local  |    at org.springframework.aop.framework.ReflectiveMethodInvocation.invokeJoinpoint(ReflectiveMethodInvocation.java:198)
acs.local  |    at org.springframework.aop.framework.ReflectiveMethodInvocation.proceed(ReflectiveMethodInvocation.java:163)
acs.local  |    at org.springframework.aop.interceptor.ExposeInvocationInterceptor.invoke(ExposeInvocationInterceptor.java:97)
acs.local  |    at org.springframework.aop.framework.ReflectiveMethodInvocation.proceed(ReflectiveMethodInvocation.java:186)
acs.local  |    at org.springframework.aop.framework.JdkDynamicAopProxy.invoke(JdkDynamicAopProxy.java:215)
acs.local  |    at jdk.proxy3/jdk.proxy3.$Proxy145.sendAlert(Unknown Source)
acs.local  |    at com.cloud.configuration.ConfigurationManagerImpl.start(ConfigurationManagerImpl.java:688)
acs.local  |    at org.apache.cloudstack.spring.lifecycle.CloudStackExtendedLifeCycle$1.with(CloudStackExtendedLifeCycle.java:74)
acs.local  |    at org.apache.cloudstack.spring.lifecycle.CloudStackExtendedLifeCycle.with(CloudStackExtendedLifeCycle.java:163)
acs.local  |    at org.apache.cloudstack.spring.lifecycle.CloudStackExtendedLifeCycle.startBeans(CloudStackExtendedLifeCycle.java:69)
acs.local  |    at org.apache.cloudstack.spring.lifecycle.CloudStackExtendedLifeCycleStart.run(CloudStackExtendedLifeCycleStart.java:46)
acs.local  |    at org.apache.cloudstack.spring.module.model.impl.DefaultModuleDefinitionSet$1.with(DefaultModuleDefinitionSet.java:110)
acs.local  |    at org.apache.cloudstack.spring.module.model.impl.DefaultModuleDefinitionSet.withModule(DefaultModuleDefinitionSet.java:274)
acs.local  |    at org.apache.cloudstack.spring.module.model.impl.DefaultModuleDefinitionSet.withModule(DefaultModuleDefinitionSet.java:279)
acs.local  |    at org.apache.cloudstack.spring.module.model.impl.DefaultModuleDefinitionSet.withModule(DefaultModuleDefinitionSet.java:279)
acs.local  |    at org.apache.cloudstack.spring.module.model.impl.DefaultModuleDefinitionSet.withModule(DefaultModuleDefinitionSet.java:262)
acs.local  |    at org.apache.cloudstack.spring.module.model.impl.DefaultModuleDefinitionSet.startContexts(DefaultModuleDefinitionSet.java:97)
acs.local  |    at org.apache.cloudstack.spring.module.model.impl.DefaultModuleDefinitionSet.load(DefaultModuleDefinitionSet.java:80)
acs.local  |    at org.apache.cloudstack.spring.module.factory.ModuleBasedContextFactory.loadModules(ModuleBasedContextFactory.java:37)
acs.local  |    at org.apache.cloudstack.spring.module.factory.CloudStackSpringContext.init(CloudStackSpringContext.java:71)
acs.local  |    at org.apache.cloudstack.spring.module.factory.CloudStackSpringContext.<init>(CloudStackSpringContext.java:58)
acs.local  |    at org.apache.cloudstack.spring.module.factory.CloudStackSpringContext.<init>(CloudStackSpringContext.java:62)
acs.local  |    at org.apache.cloudstack.spring.module.web.CloudStackContextLoaderListener.contextInitialized(CloudStackContextLoaderListener.java:53)
acs.local  |    at org.eclipse.jetty.server.handler.ContextHandler.callContextInitialized(ContextHandler.java:1073)
acs.local  |    at org.eclipse.jetty.servlet.ServletContextHandler.callContextInitialized(ServletContextHandler.java:572)
acs.local  |    at org.eclipse.jetty.server.handler.ContextHandler.contextInitialized(ContextHandler.java:1002)
acs.local  |    at org.eclipse.jetty.servlet.ServletHandler.initialize(ServletHandler.java:765)
acs.local  |    at org.eclipse.jetty.servlet.ServletContextHandler.startContext(ServletContextHandler.java:379)
acs.local  |    at org.eclipse.jetty.webapp.WebAppContext.startWebapp(WebAppContext.java:1449)
acs.local  |    at org.eclipse.jetty.webapp.WebAppContext.startContext(WebAppContext.java:1414)
acs.local  |    at org.eclipse.jetty.server.handler.ContextHandler.doStart(ContextHandler.java:916)
acs.local  |    at org.eclipse.jetty.servlet.ServletContextHandler.doStart(ServletContextHandler.java:288)
acs.local  |    at org.eclipse.jetty.webapp.WebAppContext.doStart(WebAppContext.java:524)
acs.local  |    at org.eclipse.jetty.util.component.AbstractLifeCycle.start(AbstractLifeCycle.java:73)
acs.local  |    at org.eclipse.jetty.util.component.ContainerLifeCycle.start(ContainerLifeCycle.java:169)
acs.local  |    at org.eclipse.jetty.util.component.ContainerLifeCycle.doStart(ContainerLifeCycle.java:110)
acs.local  |    at org.eclipse.jetty.server.handler.AbstractHandler.doStart(AbstractHandler.java:97)
acs.local  |    at org.eclipse.jetty.server.handler.gzip.GzipHandler.doStart(GzipHandler.java:426)
acs.local  |    at org.eclipse.jetty.util.component.AbstractLifeCycle.start(AbstractLifeCycle.java:73)
acs.local  |    at org.eclipse.jetty.util.component.ContainerLifeCycle.start(ContainerLifeCycle.java:169)
acs.local  |    at org.eclipse.jetty.util.component.ContainerLifeCycle.doStart(ContainerLifeCycle.java:117)
acs.local  |    at org.eclipse.jetty.server.handler.AbstractHandler.doStart(AbstractHandler.java:97)
acs.local  |    at org.eclipse.jetty.util.component.AbstractLifeCycle.start(AbstractLifeCycle.java:73)
acs.local  |    at org.eclipse.jetty.util.component.ContainerLifeCycle.start(ContainerLifeCycle.java:169)
acs.local  |    at org.eclipse.jetty.server.Server.start(Server.java:423)
acs.local  |    at org.eclipse.jetty.util.component.ContainerLifeCycle.doStart(ContainerLifeCycle.java:110)
acs.local  |    at org.eclipse.jetty.server.handler.AbstractHandler.doStart(AbstractHandler.java:97)
acs.local  |    at org.eclipse.jetty.server.Server.doStart(Server.java:387)
acs.local  |    at org.eclipse.jetty.util.component.AbstractLifeCycle.start(AbstractLifeCycle.java:73)
acs.local  |    at org.apache.cloudstack.ServerDaemon.start(ServerDaemon.java:204)
acs.local  |    at org.apache.cloudstack.ServerDaemon.main(ServerDaemon.java:115)